<?xml version="1.0" encoding="UTF-8"?>
<coverage generated="1780913720626" clover="3.2.0">
  <project timestamp="1780913720626" name="All files">
    <metrics statements="22" coveredstatements="22" conditionals="12" coveredconditionals="11" methods="5" coveredmethods="5" elements="39" coveredelements="38" complexity="0" loc="22" ncloc="22" packages="1" files="1" classes="1"/>
    <file name="pagination.tsx" path="C:\Users\acer\Desktop\Exam-Prep-Platform\src\lib\pagination.tsx">
      <metrics statements="22" coveredstatements="22" conditionals="12" coveredconditionals="11" methods="5" coveredmethods="5"/>
      <line num="2" count="3" type="stmt"/>
      <line num="6" count="2" type="cond" truecount="1" falsecount="1"/>
      <line num="7" count="2" type="stmt"/>
      <line num="8" count="2" type="cond" truecount="2" falsecount="0"/>
      <line num="9" count="1" type="stmt"/>
      <line num="12" count="1" type="stmt"/>
      <line num="13" count="1" type="stmt"/>
      <line num="15" count="1" type="stmt"/>
      <line num="18" count="3" type="cond" truecount="2" falsecount="0"/>
      <line num="31" count="5" type="cond" truecount="2" falsecount="0"/>
      <line num="32" count="12" type="stmt"/>
      <line num="34" count="3" type="stmt"/>
      <line num="35" count="3" type="stmt"/>
      <line num="36" count="3" type="stmt"/>
      <line num="37" count="3" type="cond" truecount="2" falsecount="0"/>
      <line num="38" count="2" type="stmt"/>
      <line num="40" count="3" type="stmt"/>
      <line num="41" count="7" type="stmt"/>
      <line num="43" count="3" type="cond" truecount="2" falsecount="0"/>
      <line num="44" count="2" type="stmt"/>
      <line num="46" count="3" type="stmt"/>
      <line num="47" count="3" type="stmt"/>
    </file>
  </project>
</coverage>
