{"C:\\Users\\acer\\Desktop\\Exam-Prep-Platform\\src\\lib\\pagination.tsx": {"path":"C:\\Users\\acer\\Desktop\\Exam-Prep-Platform\\src\\lib\\pagination.tsx","statementMap":{"0":{"start":{"line":2,"column":2},"end":{"line":2,"column":null}},"1":{"start":{"line":6,"column":19},"end":{"line":6,"column":null}},"2":{"start":{"line":7,"column":16},"end":{"line":7,"column":null}},"3":{"start":{"line":8,"column":2},"end":{"line":10,"column":null}},"4":{"start":{"line":9,"column":4},"end":{"line":9,"column":null}},"5":{"start":{"line":12,"column":16},"end":{"line":12,"column":null}},"6":{"start":{"line":13,"column":16},"end":{"line":13,"column":null}},"7":{"start":{"line":15,"column":2},"end":{"line":26,"column":null}},"8":{"start":{"line":18,"column":8},"end":{"line":23,"column":null}},"9":{"start":{"line":31,"column":2},"end":{"line":33,"column":null}},"10":{"start":{"line":32,"column":4},"end":{"line":32,"column":null}},"11":{"start":{"line":32,"column":56},"end":{"line":32,"column":61}},"12":{"start":{"line":34,"column":41},"end":{"line":34,"column":null}},"13":{"start":{"line":35,"column":15},"end":{"line":35,"column":null}},"14":{"start":{"line":36,"column":16},"end":{"line":36,"column":null}},"15":{"start":{"line":37,"column":2},"end":{"line":39,"column":null}},"16":{"start":{"line":38,"column":4},"end":{"line":38,"column":null}},"17":{"start":{"line":40,"column":2},"end":{"line":42,"column":null}},"18":{"start":{"line":40,"column":15},"end":{"line":40,"column":21}},"19":{"start":{"line":41,"column":4},"end":{"line":41,"column":null}},"20":{"start":{"line":43,"column":2},"end":{"line":45,"column":null}},"21":{"start":{"line":44,"column":4},"end":{"line":44,"column":null}},"22":{"start":{"line":46,"column":2},"end":{"line":46,"column":null}},"23":{"start":{"line":47,"column":2},"end":{"line":47,"column":null}}},"fnMap":{"0":{"name":"escapeRegExp","decl":{"start":{"line":1,"column":16},"end":{"line":1,"column":29}},"loc":{"start":{"line":1,"column":50},"end":{"line":3,"column":null}},"line":1},"1":{"name":"highlightText","decl":{"start":{"line":5,"column":16},"end":{"line":5,"column":30}},"loc":{"start":{"line":5,"column":92},"end":{"line":28,"column":null}},"line":5},"2":{"name":"(anonymous_2)","decl":{"start":{"line":17,"column":17},"end":{"line":17,"column":18}},"loc":{"start":{"line":18,"column":8},"end":{"line":23,"column":null}},"line":18},"3":{"name":"buildPageList","decl":{"start":{"line":30,"column":16},"end":{"line":30,"column":30}},"loc":{"start":{"line":30,"column":96},"end":{"line":48,"column":null}},"line":30},"4":{"name":"(anonymous_4)","decl":{"start":{"line":32,"column":46},"end":{"line":32,"column":47}},"loc":{"start":{"line":32,"column":56},"end":{"line":32,"column":61}},"line":32}},"branchMap":{"0":{"loc":{"start":{"line":6,"column":19},"end":{"line":6,"column":null}},"type":"binary-expr","locations":[{"start":{"line":6,"column":19},"end":{"line":6,"column":27}},{"start":{"line":6,"column":27},"end":{"line":6,"column":null}}],"line":6},"1":{"loc":{"start":{"line":8,"column":2},"end":{"line":10,"column":null}},"type":"if","locations":[{"start":{"line":8,"column":2},"end":{"line":10,"column":null}},{"start":{},"end":{}}],"line":8},"2":{"loc":{"start":{"line":18,"column":8},"end":{"line":23,"column":null}},"type":"cond-expr","locations":[{"start":{"line":19,"column":10},"end":{"line":21,"column":null}},{"start":{"line":23,"column":10},"end":{"line":23,"column":null}}],"line":18},"3":{"loc":{"start":{"line":31,"column":2},"end":{"line":33,"column":null}},"type":"if","locations":[{"start":{"line":31,"column":2},"end":{"line":33,"column":null}},{"start":{},"end":{}}],"line":31},"4":{"loc":{"start":{"line":37,"column":2},"end":{"line":39,"column":null}},"type":"if","locations":[{"start":{"line":37,"column":2},"end":{"line":39,"column":null}},{"start":{},"end":{}}],"line":37},"5":{"loc":{"start":{"line":43,"column":2},"end":{"line":45,"column":null}},"type":"if","locations":[{"start":{"line":43,"column":2},"end":{"line":45,"column":null}},{"start":{},"end":{}}],"line":43}},"s":{"0":3,"1":2,"2":2,"3":2,"4":1,"5":1,"6":1,"7":1,"8":3,"9":5,"10":2,"11":12,"12":3,"13":3,"14":3,"15":3,"16":2,"17":3,"18":3,"19":7,"20":3,"21":2,"22":3,"23":3},"f":{"0":3,"1":2,"2":3,"3":5,"4":12},"b":{"0":[2,0],"1":[1,1],"2":[1,2],"3":[2,3],"4":[2,1],"5":[2,1]},"meta":{"lastBranch":6,"lastFunction":5,"lastStatement":24,"seen":{"f:1:16:1:29":0,"s:2:2:2:Infinity":0,"f:5:16:5:30":1,"s:6:19:6:Infinity":1,"b:6:19:6:27:6:27:6:Infinity":0,"s:7:16:7:Infinity":2,"b:8:2:10:Infinity:undefined:undefined:undefined:undefined":1,"s:8:2:10:Infinity":3,"s:9:4:9:Infinity":4,"s:12:16:12:Infinity":5,"s:13:16:13:Infinity":6,"s:15:2:26:Infinity":7,"f:17:17:17:18":2,"s:18:8:23:Infinity":8,"b:19:10:21:Infinity:23:10:23:Infinity":2,"f:30:16:30:30":3,"b:31:2:33:Infinity:undefined:undefined:undefined:undefined":3,"s:31:2:33:Infinity":9,"s:32:4:32:Infinity":10,"f:32:46:32:47":4,"s:32:56:32:61":11,"s:34:41:34:Infinity":12,"s:35:15:35:Infinity":13,"s:36:16:36:Infinity":14,"b:37:2:39:Infinity:undefined:undefined:undefined:undefined":4,"s:37:2:39:Infinity":15,"s:38:4:38:Infinity":16,"s:40:2:42:Infinity":17,"s:40:15:40:21":18,"s:41:4:41:Infinity":19,"b:43:2:45:Infinity:undefined:undefined:undefined:undefined":5,"s:43:2:45:Infinity":20,"s:44:4:44:Infinity":21,"s:46:2:46:Infinity":22,"s:47:2:47:Infinity":23}}}
}
