TN:
SF:src\App.tsx
FN:34,AuthLoading
FN:42,ProtectedRoute
FN:50,AdminRoute
FN:60,AppContent
FN:65,(anonymous_4)
FN:68,(anonymous_5)
FN:109,(anonymous_6)
FN:120,(anonymous_7)
FN:132,(anonymous_8)
FN:282,App
FNF:10
FNH:9
FNDA:1,AuthLoading
FNDA:7,ProtectedRoute
FNDA:3,AdminRoute
FNDA:27,AppContent
FNDA:22,(anonymous_4)
FNDA:4,(anonymous_5)
FNDA:1,(anonymous_6)
FNDA:0,(anonymous_7)
FNDA:4,(anonymous_8)
FNDA:22,App
DA:35,1
DA:43,7
DA:45,7
DA:46,6
DA:47,3
DA:51,3
DA:53,3
DA:54,3
DA:55,2
DA:57,1
DA:61,27
DA:62,27
DA:63,27
DA:65,27
DA:66,22
DA:68,4
DA:69,4
DA:70,4
DA:71,4
DA:73,3
DA:75,3
DA:76,3
DA:77,2
DA:79,1
DA:80,1
DA:83,3
DA:88,3
DA:89,3
DA:90,3
DA:91,3
DA:102,0
DA:106,4
DA:109,4
DA:110,1
DA:111,1
DA:112,1
DA:113,1
DA:115,1
DA:121,0
DA:122,0
DA:123,0
DA:124,0
DA:126,0
DA:132,4
DA:135,27
DA:279,1
DA:283,22
LF:47
LH:41
BRDA:45,0,0,1
BRDA:45,0,1,6
BRDA:46,1,0,3
BRDA:46,1,1,3
BRDA:53,2,0,0
BRDA:53,2,1,3
BRDA:54,3,0,2
BRDA:54,3,1,1
BRDA:54,4,0,3
BRDA:54,4,1,2
BRDA:66,5,0,18
BRDA:66,5,1,4
BRDA:66,6,0,22
BRDA:66,6,1,9
BRDA:71,7,0,3
BRDA:71,7,1,1
BRDA:73,8,0,3
BRDA:73,8,1,0
BRDA:88,9,0,3
BRDA:88,9,1,0
BRDA:111,10,0,1
BRDA:111,10,1,0
BRDA:112,11,0,1
BRDA:112,11,1,0
BRDA:118,12,0,1
BRDA:118,12,1,0
BRDA:121,13,0,0
BRDA:121,13,1,0
BRDA:123,14,0,0
BRDA:123,14,1,0
BRDA:123,15,0,0
BRDA:123,15,1,0
BRDA:271,16,0,27
BRDA:271,16,1,22
BRDA:279,17,0,1
BRDA:279,17,1,1
BRDA:280,18,0,1
BRDA:280,18,1,0
BRF:38
BRH:25
end_of_record
TN:
SF:src\components\atoms\ImageWithFallback.tsx
FN:6,ImageWithFallback
FN:9,(anonymous_1)
FNF:2
FNH:2
FNDA:4,ImageWithFallback
FNDA:1,(anonymous_1)
DA:4,1
DA:7,4
DA:9,4
DA:10,1
DA:13,4
DA:15,4
LF:6
LH:6
BRDA:15,0,0,1
BRDA:15,0,1,3
BRDA:17,1,0,1
BRDA:17,1,1,0
BRF:4
BRH:3
end_of_record
TN:
SF:src\components\chatbot\ChatWidget.tsx
FN:7,(anonymous_0)
FN:11,ChatWidget
FN:28,(anonymous_2)
FN:33,(anonymous_3)
FN:45,(anonymous_4)
FN:46,(anonymous_5)
FN:62,(anonymous_6)
FN:64,(anonymous_7)
FN:66,(anonymous_8)
FN:67,(anonymous_9)
FN:82,(anonymous_10)
FN:98,(anonymous_11)
FN:112,(anonymous_12)
FN:114,(anonymous_13)
FN:116,(anonymous_14)
FN:117,(anonymous_15)
FN:132,(anonymous_16)
FN:143,(anonymous_17)
FN:157,(anonymous_18)
FN:159,(anonymous_19)
FN:160,(anonymous_20)
FN:161,(anonymous_21)
FN:176,(anonymous_22)
FN:186,(anonymous_23)
FN:193,(anonymous_24)
FN:209,(anonymous_25)
FN:211,(anonymous_26)
FN:215,(anonymous_27)
FN:218,(anonymous_28)
FN:219,(anonymous_29)
FN:232,(anonymous_30)
FN:233,(anonymous_31)
FN:269,(anonymous_32)
FN:294,(anonymous_33)
FN:295,(anonymous_34)
FNF:35
FNH:35
FNDA:64,(anonymous_0)
FNDA:37,ChatWidget
FNDA:8,(anonymous_2)
FNDA:5,(anonymous_3)
FNDA:5,(anonymous_4)
FNDA:5,(anonymous_5)
FNDA:5,(anonymous_6)
FNDA:5,(anonymous_7)
FNDA:5,(anonymous_8)
FNDA:19,(anonymous_9)
FNDA:1,(anonymous_10)
FNDA:1,(anonymous_11)
FNDA:1,(anonymous_12)
FNDA:1,(anonymous_13)
FNDA:1,(anonymous_14)
FNDA:7,(anonymous_15)
FNDA:1,(anonymous_16)
FNDA:1,(anonymous_17)
FNDA:1,(anonymous_18)
FNDA:1,(anonymous_19)
FNDA:1,(anonymous_20)
FNDA:7,(anonymous_21)
FNDA:2,(anonymous_22)
FNDA:2,(anonymous_23)
FNDA:79,(anonymous_24)
FNDA:2,(anonymous_25)
FNDA:2,(anonymous_26)
FNDA:1,(anonymous_27)
FNDA:1,(anonymous_28)
FNDA:3,(anonymous_29)
FNDA:1,(anonymous_30)
FNDA:3,(anonymous_31)
FNDA:1,(anonymous_32)
FNDA:1,(anonymous_33)
FNDA:1,(anonymous_34)
DA:7,1
DA:8,64
DA:12,37
DA:13,37
DA:14,37
DA:15,37
DA:16,37
DA:19,37
DA:28,37
DA:29,8
DA:30,8
DA:33,37
DA:35,5
DA:42,5
DA:43,5
DA:45,5
DA:46,5
DA:47,5
DA:50,5
DA:53,5
DA:54,5
DA:62,5
DA:64,5
DA:66,5
DA:67,19
DA:68,5
DA:78,5
DA:82,37
DA:83,1
DA:86,1
DA:87,1
DA:88,1
DA:91,1
DA:98,1
DA:99,1
DA:100,1
DA:103,1
DA:104,1
DA:105,1
DA:112,1
DA:114,1
DA:115,1
DA:116,1
DA:117,7
DA:118,1
DA:128,1
DA:132,37
DA:133,1
DA:136,1
DA:143,1
DA:144,1
DA:145,1
DA:148,1
DA:149,1
DA:150,1
DA:157,1
DA:159,1
DA:160,1
DA:161,7
DA:162,1
DA:172,1
DA:176,37
DA:177,2
DA:180,2
DA:186,2
DA:189,2
DA:190,2
DA:192,2
DA:193,79
DA:194,1
DA:195,1
DA:200,2
DA:201,2
DA:202,2
DA:209,2
DA:211,2
DA:212,2
DA:214,1
DA:215,1
DA:216,1
DA:218,1
DA:219,3
DA:220,1
DA:232,1
DA:233,3
DA:234,1
DA:245,2
DA:249,37
DA:250,37
DA:251,37
DA:253,37
DA:254,9
DA:265,28
DA:266,1
DA:269,1
DA:283,27
DA:294,1
DA:295,1
LF:98
LH:98
BRDA:43,0,0,5
BRDA:43,0,1,0
BRDA:83,1,0,0
BRDA:83,1,1,1
BRDA:115,2,0,1
BRDA:115,2,1,0
BRDA:133,3,0,0
BRDA:133,3,1,1
BRDA:177,4,0,0
BRDA:177,4,1,2
BRDA:193,5,0,1
BRDA:193,5,1,11
BRDA:212,6,0,1
BRDA:212,6,1,1
BRDA:249,7,0,37
BRDA:249,7,1,0
BRDA:250,8,0,37
BRDA:250,8,1,13
BRDA:251,9,0,37
BRDA:251,9,1,13
BRDA:253,10,0,9
BRDA:253,10,1,28
BRDA:265,11,0,1
BRDA:265,11,1,27
BRF:24
BRH:18
end_of_record
TN:
SF:src\components\chatbot\ChatWindow.tsx
FN:19,ChatWindow
FN:35,(anonymous_1)
FN:39,(anonymous_2)
FN:45,(anonymous_3)
FN:96,(anonymous_4)
FN:124,(anonymous_5)
FN:127,(anonymous_6)
FN:140,(anonymous_7)
FNF:8
FNH:7
FNDA:29,ChatWindow
FNDA:27,(anonymous_1)
FNDA:2,(anonymous_2)
FNDA:2,(anonymous_3)
FNDA:89,(anonymous_4)
FNDA:116,(anonymous_5)
FNDA:0,(anonymous_6)
FNDA:2,(anonymous_7)
DA:31,29
DA:32,29
DA:35,29
DA:36,27
DA:39,29
DA:40,2
DA:41,2
DA:42,2
DA:45,29
DA:46,2
DA:47,2
DA:51,29
DA:53,29
DA:97,89
DA:125,116
DA:127,0
DA:140,2
LF:17
LH:16
BRDA:21,0,0,29
BRDA:40,1,0,0
BRDA:40,1,1,2
BRDA:46,2,0,2
BRDA:46,2,1,0
BRDA:103,3,0,29
BRDA:103,3,1,29
BRF:7
BRH:5
end_of_record
TN:
SF:src\components\chatbot\MessageBubble.tsx
FN:17,parseInlineMarkdown
FN:43,parseMarkdown
FN:53,(anonymous_2)
FN:58,(anonymous_3)
FN:69,(anonymous_4)
FN:77,(anonymous_5)
FN:82,(anonymous_6)
FN:98,(anonymous_7)
FN:103,(anonymous_8)
FN:120,(anonymous_9)
FN:185,MessageBubble
FNF:11
FNH:11
FNDA:103,parseInlineMarkdown
FNDA:55,parseMarkdown
FNDA:2,(anonymous_2)
FNDA:3,(anonymous_3)
FNDA:4,(anonymous_4)
FNDA:2,(anonymous_5)
FNDA:4,(anonymous_6)
FNDA:7,(anonymous_7)
FNDA:38,(anonymous_8)
FNDA:10,(anonymous_9)
FNDA:96,MessageBubble
DA:18,103
DA:19,103
DA:20,103
DA:23,103
DA:24,44
DA:25,2
DA:27,44
DA:32,44
DA:35,103
DA:36,97
DA:39,103
DA:44,55
DA:45,55
DA:47,55
DA:48,55
DA:50,55
DA:51,55
DA:53,55
DA:54,2
DA:57,2
DA:58,3
DA:61,2
DA:62,2
DA:64,2
DA:70,4
DA:78,2
DA:83,4
DA:94,2
DA:95,2
DA:98,55
DA:99,7
DA:101,7
DA:104,38
DA:109,7
DA:110,7
DA:113,55
DA:114,108
DA:117,108
DA:118,5
DA:119,5
DA:120,10
DA:121,5
DA:122,5
DA:123,103
DA:124,0
DA:128,103
DA:129,38
DA:130,38
DA:131,38
DA:132,38
DA:133,65
DA:134,1
DA:138,65
DA:139,2
DA:140,2
DA:141,2
DA:147,2
DA:151,63
DA:152,2
DA:153,2
DA:154,2
DA:157,2
DA:162,2
DA:166,61
DA:167,8
DA:171,53
DA:179,108
DA:180,55
DA:182,55
DA:186,96
DA:188,96
LF:71
LH:70
BRDA:24,0,0,2
BRDA:24,0,1,42
BRDA:35,1,0,97
BRDA:35,1,1,6
BRDA:39,2,0,0
BRDA:39,2,1,103
BRDA:54,3,0,0
BRDA:54,3,1,2
BRDA:57,4,0,2
BRDA:57,4,1,2
BRDA:58,5,0,3
BRDA:58,5,1,1
BRDA:58,5,2,1
BRDA:62,6,0,1
BRDA:62,6,1,1
BRDA:99,7,0,0
BRDA:99,7,1,7
BRDA:117,8,0,5
BRDA:117,8,1,103
BRDA:117,9,0,108
BRDA:117,9,1,5
BRDA:118,10,0,0
BRDA:118,10,1,5
BRDA:123,11,0,0
BRDA:123,11,1,103
BRDA:128,12,0,38
BRDA:128,12,1,65
BRDA:128,13,0,103
BRDA:128,13,1,66
BRDA:133,14,0,1
BRDA:133,14,1,64
BRDA:138,15,0,2
BRDA:138,15,1,63
BRDA:143,16,0,2
BRDA:143,16,1,0
BRDA:151,17,0,2
BRDA:151,17,1,61
BRDA:152,18,0,2
BRDA:152,18,1,0
BRDA:154,19,0,1
BRDA:154,19,1,1
BRDA:166,20,0,8
BRDA:166,20,1,53
BRDA:179,21,0,2
BRDA:179,21,1,106
BRDA:180,22,0,6
BRDA:180,22,1,49
BRDA:189,23,0,31
BRDA:189,23,1,65
BRDA:192,24,0,65
BRDA:192,24,1,31
BRDA:196,25,0,65
BRDA:196,25,1,31
BRDA:200,26,0,31
BRDA:200,26,1,65
BRDA:202,27,0,65
BRDA:202,27,1,31
BRDA:206,28,0,10
BRDA:206,28,1,86
BRDA:213,29,0,55
BRDA:213,29,1,31
BRF:61
BRH:54
end_of_record
TN:
SF:src\components\chatbot\OptionButtons.tsx
FN:17,OptionButtons
FN:33,(anonymous_1)
FN:36,(anonymous_2)
FNF:3
FNH:3
FNDA:29,OptionButtons
FNDA:220,(anonymous_1)
FNDA:5,(anonymous_2)
DA:26,29
DA:28,29
DA:34,220
DA:36,5
LF:4
LH:4
BRDA:18,0,0,29
BRDA:31,1,0,29
BRDA:31,1,1,29
BRDA:32,2,0,16
BRDA:32,2,1,13
BRDA:38,3,0,176
BRDA:38,3,1,44
BRDA:46,4,0,29
BRDA:46,4,1,22
BRDA:46,4,2,7
BRDA:52,5,0,7
BRDA:52,5,1,7
BRDA:61,6,0,7
BRDA:61,6,1,7
BRF:14
BRH:14
end_of_record
TN:
SF:src\components\chatbot\chatbotFlows.ts
FNF:0
FNH:0
DA:13,1
DA:486,1
LF:2
LH:2
BRF:0
BRH:0
end_of_record
TN:
SF:src\components\organisms\AudioRecorder.tsx
FN:16,AudioRecorder
FN:38,(anonymous_1)
FN:39,(anonymous_2)
FN:42,(anonymous_3)
FN:55,(anonymous_4)
FN:63,(anonymous_5)
FN:70,(anonymous_6)
FN:85,(anonymous_7)
FN:91,(anonymous_8)
FN:112,(anonymous_9)
FN:115,(anonymous_10)
FN:116,(anonymous_11)
FN:121,(anonymous_12)
FN:133,(anonymous_13)
FN:134,(anonymous_14)
FN:144,(anonymous_15)
FN:155,(anonymous_16)
FN:175,(anonymous_17)
FNF:18
FNH:18
FNDA:30,AudioRecorder
FNDA:8,(anonymous_1)
FNDA:8,(anonymous_2)
FNDA:3,(anonymous_3)
FNDA:24,(anonymous_4)
FNDA:8,(anonymous_5)
FNDA:8,(anonymous_6)
FNDA:4,(anonymous_7)
FNDA:4,(anonymous_8)
FNDA:1,(anonymous_9)
FNDA:1,(anonymous_10)
FNDA:1,(anonymous_11)
FNDA:1,(anonymous_12)
FNDA:5,(anonymous_13)
FNDA:5,(anonymous_14)
FNDA:4,(anonymous_15)
FNDA:4,(anonymous_16)
FNDA:2,(anonymous_17)
DA:6,1
DA:23,30
DA:24,30
DA:25,30
DA:26,30
DA:27,30
DA:28,30
DA:29,30
DA:30,30
DA:32,30
DA:33,30
DA:34,30
DA:35,30
DA:38,30
DA:39,8
DA:40,8
DA:41,8
DA:42,3
DA:44,8
DA:45,3
DA:46,3
DA:48,0
DA:55,30
DA:56,24
DA:57,1
DA:58,1
DA:63,30
DA:64,8
DA:65,1
DA:70,30
DA:71,8
DA:72,8
DA:73,8
DA:74,8
DA:75,8
DA:76,8
DA:78,8
DA:79,7
DA:81,7
DA:82,7
DA:84,7
DA:85,7
DA:86,4
DA:87,4
DA:91,7
DA:92,4
DA:93,4
DA:94,4
DA:95,4
DA:98,7
DA:99,7
DA:100,7
DA:101,2
DA:105,7
DA:106,7
DA:107,7
DA:108,7
DA:109,7
DA:110,7
DA:112,7
DA:113,1
DA:114,1
DA:115,1
DA:116,1
DA:118,1
DA:121,7
DA:122,1
DA:125,7
DA:126,7
DA:128,0
DA:133,7
DA:134,5
DA:138,1
DA:139,1
DA:144,30
DA:145,4
DA:146,4
DA:147,4
DA:150,4
DA:151,4
DA:154,4
DA:155,4
DA:156,4
DA:159,4
DA:160,4
DA:161,4
DA:163,0
DA:165,4
DA:168,4
DA:169,4
DA:170,0
DA:175,30
DA:176,2
DA:177,0
DA:178,0
DA:181,2
DA:182,2
DA:183,2
DA:185,2
DA:192,2
DA:193,1
DA:196,1
DA:200,1
DA:201,1
DA:203,1
DA:204,1
DA:207,1
DA:208,1
DA:210,2
DA:214,30
DA:216,30
LF:111
LH:105
BRDA:6,0,0,1
BRDA:6,0,1,0
BRDA:17,1,0,30
BRDA:40,2,0,3
BRDA:40,2,1,5
BRDA:41,3,0,3
BRDA:41,3,1,5
BRDA:44,4,0,3
BRDA:44,4,1,5
BRDA:56,5,0,1
BRDA:56,5,1,23
BRDA:56,6,0,24
BRDA:56,6,1,12
BRDA:64,7,0,1
BRDA:64,7,1,7
BRDA:64,8,0,8
BRDA:64,8,1,1
BRDA:64,8,2,1
BRDA:64,8,3,1
BRDA:86,9,0,4
BRDA:86,9,1,0
BRDA:100,10,0,2
BRDA:100,10,1,5
BRDA:105,11,0,7
BRDA:105,11,1,0
BRDA:145,12,0,4
BRDA:145,12,1,0
BRDA:150,13,0,4
BRDA:150,13,1,0
BRDA:150,14,0,4
BRDA:150,14,1,4
BRDA:154,15,0,4
BRDA:154,15,1,0
BRDA:159,16,0,4
BRDA:159,16,1,0
BRDA:169,17,0,0
BRDA:169,17,1,4
BRDA:176,18,0,0
BRDA:176,18,1,2
BRDA:192,19,0,1
BRDA:192,19,1,1
BRDA:203,20,0,1
BRDA:203,20,1,0
BRDA:208,21,0,1
BRDA:208,21,1,0
BRDA:220,22,0,14
BRDA:220,22,1,16
BRDA:231,23,0,14
BRDA:231,23,1,16
BRDA:231,24,0,8
BRDA:231,24,1,8
BRDA:236,25,0,14
BRDA:236,25,1,16
BRDA:245,26,0,30
BRDA:245,26,1,16
BRDA:245,26,2,8
BRDA:254,27,0,30
BRDA:254,27,1,14
BRDA:263,28,0,30
BRDA:263,28,1,8
BRDA:263,28,2,8
BRDA:273,29,0,30
BRDA:273,29,1,8
BRDA:273,29,2,8
BRDA:275,30,0,7
BRDA:275,30,1,1
BRDA:281,31,0,2
BRDA:281,31,1,5
BRDA:301,32,0,30
BRDA:301,32,1,8
BRDA:301,32,2,8
BRDA:305,33,0,30
BRDA:305,33,1,16
BRDA:305,33,2,15
BRDA:312,34,0,14
BRDA:312,34,1,1
BRDA:315,35,0,15
BRDA:315,35,1,13
BRF:78
BRH:67
end_of_record
TN:
SF:src\components\organisms\ChatSupport.tsx
FN:3,ChatSupport
FNF:1
FNH:1
FNDA:1,ChatSupport
DA:4,1
LF:1
LH:1
BRF:0
BRH:0
end_of_record
TN:
SF:src\components\organisms\ErrorBoundary.tsx
FN:12,constructor
FN:17,getDerivedStateFromError
FN:21,componentDidCatch
FN:26,render
FN:31,(anonymous_4)
FNF:5
FNH:4
FNDA:16,constructor
FNDA:2,getDerivedStateFromError
FNDA:1,componentDidCatch
FNDA:17,render
FNDA:0,(anonymous_4)
DA:13,16
DA:14,16
DA:18,2
DA:22,1
DA:23,1
DA:27,17
DA:28,2
DA:31,0
DA:38,15
LF:9
LH:8
BRDA:27,0,0,2
BRDA:27,0,1,15
BRF:2
BRH:2
end_of_record
TN:
SF:src\components\organisms\GlobalErrorBoundary.tsx
FN:14,constructor
FN:29,(anonymous_1)
FN:19,getDerivedStateFromError
FN:23,componentDidCatch
FN:34,render
FNF:5
FNH:5
FNDA:4,constructor
FNDA:1,(anonymous_1)
FNDA:1,getDerivedStateFromError
FNDA:1,componentDidCatch
FNDA:6,render
DA:15,4
DA:16,4
DA:20,2
DA:24,1
DA:25,1
DA:26,1
DA:29,4
DA:31,1
DA:35,6
DA:36,3
DA:65,3
LF:11
LH:11
BRDA:35,0,0,3
BRDA:35,0,1,3
BRDA:46,1,0,3
BRDA:46,1,1,3
BRDA:49,2,0,3
BRDA:49,2,1,1
BRF:6
BRH:6
end_of_record
TN:
SF:src\components\organisms\Navbar.tsx
FN:7,Navbar
FN:14,(anonymous_1)
FN:16,(anonymous_2)
FN:22,(anonymous_3)
FN:81,(anonymous_4)
FN:120,(anonymous_5)
FN:127,(anonymous_6)
FN:130,(anonymous_7)
FN:135,(anonymous_8)
FN:138,(anonymous_9)
FN:141,(anonymous_10)
FN:144,(anonymous_11)
FN:152,(anonymous_12)
FN:155,(anonymous_13)
FN:158,(anonymous_14)
FN:161,(anonymous_15)
FN:167,(anonymous_16)
FN:171,(anonymous_17)
FNF:18
FNH:18
FNDA:55,Navbar
FNDA:205,(anonymous_1)
FNDA:2,(anonymous_2)
FNDA:32,(anonymous_3)
FNDA:1,(anonymous_4)
FNDA:15,(anonymous_5)
FNDA:1,(anonymous_6)
FNDA:1,(anonymous_7)
FNDA:1,(anonymous_8)
FNDA:1,(anonymous_9)
FNDA:1,(anonymous_10)
FNDA:1,(anonymous_11)
FNDA:1,(anonymous_12)
FNDA:2,(anonymous_13)
FNDA:1,(anonymous_14)
FNDA:1,(anonymous_15)
FNDA:1,(anonymous_16)
FNDA:1,(anonymous_17)
DA:8,55
DA:9,55
DA:10,55
DA:11,55
DA:12,55
DA:14,205
DA:16,55
DA:17,2
DA:18,2
DA:19,2
DA:22,55
DA:23,32
DA:25,55
DA:81,1
DA:120,15
DA:127,1
DA:130,1
DA:135,1
DA:138,1
DA:141,1
DA:144,1
DA:152,1
DA:155,2
DA:158,1
DA:161,1
DA:167,1
DA:171,1
LF:27
LH:27
BRDA:23,0,0,32
BRDA:23,0,1,0
BRDA:23,0,2,0
BRDA:39,1,0,23
BRDA:39,1,1,32
BRDA:41,2,0,10
BRDA:41,2,1,13
BRDA:44,3,0,3
BRDA:44,3,1,20
BRDA:47,4,0,3
BRDA:47,4,1,20
BRDA:50,5,0,3
BRDA:50,5,1,20
BRDA:56,6,0,32
BRDA:56,6,1,27
BRDA:58,7,0,3
BRDA:58,7,1,24
BRDA:61,8,0,4
BRDA:61,8,1,23
BRDA:64,9,0,3
BRDA:64,9,1,24
BRDA:67,10,0,3
BRDA:67,10,1,24
BRDA:72,11,0,32
BRDA:72,11,1,5
BRDA:73,12,0,1
BRDA:73,12,1,4
BRDA:81,13,0,0
BRDA:81,13,1,1
BRDA:84,14,0,0
BRDA:84,14,1,55
BRDA:87,15,0,23
BRDA:87,15,1,32
BRDA:101,16,0,32
BRDA:101,16,1,32
BRDA:121,17,0,15
BRDA:121,17,1,40
BRDA:125,18,0,55
BRDA:125,18,1,15
BRDA:133,19,0,7
BRDA:133,19,1,8
BRDA:150,20,0,8
BRDA:150,20,1,7
BRDA:166,21,0,8
BRDA:166,21,1,1
BRF:45
BRH:41
end_of_record
TN:
SF:src\components\organisms\PageErrorBoundary.tsx
FN:12,constructor
FN:26,(anonymous_1)
FN:17,getDerivedStateFromError
FN:21,componentDidCatch
FN:31,render
FNF:5
FNH:5
FNDA:15,constructor
FNDA:1,(anonymous_1)
FNDA:2,getDerivedStateFromError
FNDA:2,componentDidCatch
FNDA:22,render
DA:13,15
DA:14,15
DA:18,4
DA:22,2
DA:23,2
DA:26,15
DA:27,1
DA:28,1
DA:32,22
DA:33,4
DA:66,18
LF:11
LH:11
BRDA:32,0,0,4
BRDA:32,0,1,18
BRF:2
BRH:2
end_of_record
TN:
SF:src\contexts\AuthContext.tsx
FN:52,(anonymous_0)
FN:57,(anonymous_1)
FN:58,(anonymous_2)
FN:78,(anonymous_3)
FN:100,(anonymous_4)
FN:153,(anonymous_5)
FN:209,(anonymous_6)
FN:282,(anonymous_7)
FN:326,(anonymous_8)
FN:337,(anonymous_9)
FN:370,(anonymous_10)
FNF:11
FNH:11
FNDA:39,(anonymous_0)
FNDA:16,(anonymous_1)
FNDA:16,(anonymous_2)
FNDA:4,(anonymous_3)
FNDA:4,(anonymous_4)
FNDA:2,(anonymous_5)
FNDA:2,(anonymous_6)
FNDA:2,(anonymous_7)
FNDA:1,(anonymous_8)
FNDA:2,(anonymous_9)
FNDA:41,(anonymous_10)
DA:50,1
DA:52,1
DA:53,39
DA:54,39
DA:57,39
DA:58,16
DA:59,16
DA:60,16
DA:62,16
DA:63,3
DA:65,3
DA:67,1
DA:68,1
DA:69,1
DA:72,16
DA:75,16
DA:78,39
DA:79,4
DA:80,4
DA:81,4
DA:84,4
DA:90,4
DA:94,4
DA:97,4
DA:99,4
DA:100,4
DA:103,4
DA:104,1
DA:106,1
DA:109,3
DA:111,3
DA:117,3
DA:119,3
DA:120,1
DA:123,2
DA:125,2
DA:143,4
DA:144,4
DA:146,2
DA:147,2
DA:149,4
DA:153,39
DA:154,2
DA:155,2
DA:156,2
DA:157,1
DA:160,1
DA:169,1
DA:172,1
DA:193,2
DA:195,1
DA:202,1
DA:203,1
DA:205,2
DA:209,39
DA:210,2
DA:211,2
DA:214,2
DA:216,2
DA:219,2
DA:222,2
DA:232,2
DA:235,2
DA:237,1
DA:239,1
DA:243,1
DA:265,2
DA:267,2
DA:270,2
DA:272,2
DA:274,1
DA:276,1
DA:278,2
DA:282,39
DA:283,2
DA:284,2
DA:285,2
DA:288,2
DA:295,2
DA:298,2
DA:301,2
DA:313,2
DA:315,2
DA:316,1
DA:319,1
DA:320,1
DA:322,2
DA:326,39
DA:327,1
DA:328,1
DA:330,1
DA:332,1
DA:333,1
DA:334,1
DA:337,39
DA:338,2
DA:339,2
DA:340,2
DA:341,2
DA:343,1
DA:344,1
DA:346,2
DA:350,39
DA:370,1
DA:371,41
DA:372,41
DA:373,4
DA:375,36
LF:108
LH:108
BRDA:62,0,0,3
BRDA:62,0,1,13
BRDA:62,1,0,16
BRDA:62,1,1,3
BRDA:103,2,0,1
BRDA:103,2,1,3
BRDA:103,3,0,4
BRDA:103,3,1,2
BRDA:119,4,0,1
BRDA:119,4,1,2
BRDA:120,5,0,1
BRDA:120,5,1,0
BRDA:126,6,0,2
BRDA:126,6,1,0
BRDA:127,7,0,4
BRDA:127,7,1,0
BRDA:129,8,0,4
BRDA:129,8,1,0
BRDA:130,9,0,4
BRDA:130,9,1,2
BRDA:132,10,0,4
BRDA:132,10,1,2
BRDA:133,11,0,4
BRDA:133,11,1,2
BRDA:134,12,0,4
BRDA:134,12,1,2
BRDA:135,13,0,4
BRDA:135,13,1,2
BRDA:136,14,0,4
BRDA:136,14,1,2
BRDA:137,15,0,4
BRDA:137,15,1,2
BRDA:138,16,0,4
BRDA:138,16,1,2
BRDA:139,17,0,4
BRDA:139,17,1,2
BRDA:140,18,0,4
BRDA:140,18,1,2
BRDA:175,19,0,1
BRDA:175,19,1,0
BRDA:175,19,2,0
BRDA:179,20,0,2
BRDA:179,20,1,0
BRDA:235,21,0,1
BRDA:235,21,1,1
BRDA:239,22,0,1
BRDA:239,22,1,0
BRDA:249,23,0,1
BRDA:249,23,1,1
BRDA:249,23,2,0
BRDA:253,24,0,2
BRDA:253,24,1,1
BRDA:254,25,0,2
BRDA:254,25,1,1
BRDA:255,26,0,2
BRDA:255,26,1,1
BRDA:256,27,0,2
BRDA:256,27,1,1
BRDA:257,28,0,2
BRDA:257,28,1,1
BRDA:258,29,0,2
BRDA:258,29,1,1
BRDA:259,30,0,2
BRDA:259,30,1,1
BRDA:260,31,0,2
BRDA:260,31,1,1
BRDA:261,32,0,2
BRDA:261,32,1,1
BRDA:315,33,0,1
BRDA:315,33,1,1
BRDA:316,34,0,1
BRDA:316,34,1,0
BRDA:372,35,0,4
BRDA:372,35,1,37
BRF:74
BRH:64
end_of_record
TN:
SF:src\lib\api.ts
FNF:0
FNH:0
DA:2,13
LF:1
LH:1
BRDA:2,0,0,13
BRDA:2,0,1,13
BRF:2
BRH:2
end_of_record
TN:
SF:src\lib\firebase.ts
FNF:0
FNH:0
DA:14,1
DA:25,1
DA:26,1
DA:27,1
DA:28,1
LF:5
LH:5
BRDA:28,0,0,1
BRDA:28,0,1,0
BRF:2
BRH:1
end_of_record
TN:
SF:src\lib\pagination.tsx
FN:1,escapeRegExp
FN:5,highlightText
FN:17,(anonymous_2)
FN:31,buildPageList
FN:33,(anonymous_4)
FNF:5
FNH:5
FNDA:11,escapeRegExp
FNDA:207,highlightText
FNDA:21,(anonymous_2)
FNDA:35,buildPageList
FNDA:53,(anonymous_4)
DA:2,11
DA:6,207
DA:7,207
DA:8,207
DA:9,198
DA:12,9
DA:13,9
DA:15,9
DA:18,21
DA:19,21
DA:32,35
DA:33,53
DA:35,3
DA:36,3
DA:37,3
DA:38,3
DA:39,2
DA:41,3
DA:42,7
DA:44,3
DA:45,2
DA:47,3
DA:48,3
LF:23
LH:23
BRDA:6,0,0,207
BRDA:6,0,1,2
BRDA:8,1,0,198
BRDA:8,1,1,9
BRDA:19,2,0,6
BRDA:19,2,1,15
BRDA:32,3,0,32
BRDA:32,3,1,3
BRDA:38,4,0,2
BRDA:38,4,1,1
BRDA:44,5,0,2
BRDA:44,5,1,1
BRF:12
BRH:12
end_of_record
TN:
SF:src\lib\supabase.ts
FNF:0
FNH:0
DA:3,1
DA:5,1
DA:7,1
LF:3
LH:3
BRF:0
BRH:0
end_of_record
TN:
SF:src\pages\AdminPanel.tsx
FN:36,AdminPanel
FN:49,(anonymous_1)
FN:50,(anonymous_2)
FN:120,(anonymous_3)
FN:131,(anonymous_4)
FN:140,(anonymous_5)
FN:140,(anonymous_6)
FN:159,(anonymous_7)
FN:165,(anonymous_8)
FN:175,(anonymous_9)
FN:177,(anonymous_10)
FN:177,(anonymous_11)
FN:183,(anonymous_12)
FN:185,(anonymous_13)
FN:205,(anonymous_14)
FN:246,(anonymous_15)
FN:299,(anonymous_16)
FN:302,(anonymous_17)
FN:402,(anonymous_18)
FN:438,(anonymous_19)
FN:512,(anonymous_20)
FN:542,(anonymous_21)
FN:552,(anonymous_22)
FN:566,(anonymous_23)
FN:582,(anonymous_24)
FN:594,(anonymous_25)
FN:625,(anonymous_26)
FN:657,(anonymous_27)
FN:680,(anonymous_28)
FN:687,(anonymous_29)
FN:719,(anonymous_30)
FN:768,(anonymous_31)
FN:837,(anonymous_32)
FN:849,(anonymous_33)
FN:859,(anonymous_34)
FNF:35
FNH:30
FNDA:49,AdminPanel
FNDA:11,(anonymous_1)
FNDA:11,(anonymous_2)
FNDA:4,(anonymous_3)
FNDA:3,(anonymous_4)
FNDA:1,(anonymous_5)
FNDA:2,(anonymous_6)
FNDA:1,(anonymous_7)
FNDA:1,(anonymous_8)
FNDA:1,(anonymous_9)
FNDA:1,(anonymous_10)
FNDA:2,(anonymous_11)
FNDA:20,(anonymous_12)
FNDA:2,(anonymous_13)
FNDA:2,(anonymous_14)
FNDA:54,(anonymous_15)
FNDA:240,(anonymous_16)
FNDA:9,(anonymous_17)
FNDA:1,(anonymous_18)
FNDA:5,(anonymous_19)
FNDA:2,(anonymous_20)
FNDA:2,(anonymous_21)
FNDA:0,(anonymous_22)
FNDA:0,(anonymous_23)
FNDA:1,(anonymous_24)
FNDA:0,(anonymous_25)
FNDA:92,(anonymous_26)
FNDA:46,(anonymous_27)
FNDA:1,(anonymous_28)
FNDA:2,(anonymous_29)
FNDA:1,(anonymous_30)
FNDA:0,(anonymous_31)
FNDA:1,(anonymous_32)
FNDA:1,(anonymous_33)
FNDA:0,(anonymous_34)
DA:28,1
DA:46,49
DA:47,49
DA:49,49
DA:50,11
DA:51,11
DA:52,11
DA:54,11
DA:60,11
DA:61,1
DA:62,1
DA:63,1
DA:64,1
DA:67,10
DA:68,0
DA:69,0
DA:70,0
DA:73,10
DA:74,10
DA:76,0
DA:77,0
DA:79,11
DA:83,11
DA:86,49
DA:89,49
DA:91,49
DA:92,49
DA:93,49
DA:94,49
DA:95,49
DA:106,49
DA:110,49
DA:111,49
DA:112,49
DA:113,49
DA:114,49
DA:115,49
DA:116,49
DA:117,49
DA:118,49
DA:120,49
DA:121,4
DA:122,4
DA:123,4
DA:124,4
DA:125,4
DA:126,4
DA:127,4
DA:128,4
DA:131,49
DA:132,3
DA:133,3
DA:134,1
DA:135,1
DA:138,2
DA:140,2
DA:148,1
DA:151,1
DA:159,1
DA:160,1
DA:162,2
DA:165,49
DA:166,1
DA:167,1
DA:168,1
DA:169,1
DA:170,1
DA:171,1
DA:172,1
DA:175,49
DA:176,1
DA:177,2
DA:178,1
DA:179,1
DA:183,49
DA:184,20
DA:185,2
DA:186,2
DA:187,2
DA:188,2
DA:193,2
DA:194,2
DA:195,2
DA:198,0
DA:201,2
DA:205,49
DA:206,2
DA:207,2
DA:208,1
DA:209,1
DA:212,1
DA:213,1
DA:214,1
DA:215,1
DA:228,1
DA:229,1
DA:230,1
DA:231,1
DA:232,1
DA:234,0
DA:235,0
DA:238,0
DA:239,0
DA:241,1
DA:245,49
DA:246,54
DA:255,49
DA:300,240
DA:302,9
DA:402,1
DA:439,5
DA:513,2
DA:514,2
DA:542,2
DA:552,0
DA:566,0
DA:582,1
DA:594,0
DA:626,92
DA:658,46
DA:659,46
DA:660,0
DA:661,46
DA:662,24
DA:664,46
DA:680,1
DA:687,2
DA:719,1
DA:769,0
DA:837,1
DA:849,1
DA:859,0
LF:132
LH:116
BRDA:60,0,0,1
BRDA:60,0,1,10
BRDA:67,1,0,0
BRDA:67,1,1,10
BRDA:74,2,0,10
BRDA:74,2,1,0
BRDA:133,3,0,1
BRDA:133,3,1,2
BRDA:133,4,0,3
BRDA:133,4,1,2
BRDA:138,5,0,1
BRDA:138,5,1,1
BRDA:140,6,0,1
BRDA:140,6,1,1
BRDA:176,7,0,1
BRDA:176,7,1,0
BRDA:184,8,0,2
BRDA:184,8,1,18
BRDA:193,9,0,2
BRDA:193,9,1,0
BRDA:207,10,0,1
BRDA:207,10,1,1
BRDA:207,11,0,2
BRDA:207,11,1,1
BRDA:228,12,0,1
BRDA:228,12,1,0
BRDA:235,13,0,0
BRDA:235,13,1,0
BRDA:246,14,0,54
BRDA:246,14,1,1
BRDA:247,15,0,54
BRDA:247,15,1,0
BRDA:250,16,0,1
BRDA:250,16,1,0
BRDA:304,17,0,48
BRDA:304,17,1,192
BRDA:317,18,0,49
BRDA:317,18,1,12
BRDA:394,19,0,49
BRDA:394,19,1,5
BRDA:456,20,0,0
BRDA:456,20,1,5
BRDA:458,21,0,3
BRDA:458,21,1,2
BRDA:460,22,0,0
BRDA:460,22,1,2
BRDA:476,23,0,0
BRDA:476,23,1,5
BRDA:506,24,0,49
BRDA:506,24,1,23
BRDA:510,25,0,23
BRDA:510,25,1,16
BRDA:524,26,0,23
BRDA:524,26,1,7
BRDA:527,27,0,2
BRDA:527,27,1,5
BRDA:529,28,0,7
BRDA:529,28,1,1
BRDA:659,29,0,0
BRDA:659,29,1,46
BRDA:661,30,0,24
BRDA:661,30,1,22
BRDA:704,31,0,23
BRDA:704,31,1,2
BRDA:732,32,0,49
BRDA:732,32,1,0
BRDA:790,33,0,0
BRDA:790,33,1,0
BRDA:805,34,0,49
BRDA:805,34,1,8
BRDA:875,35,0,1
BRDA:875,35,1,7
BRF:72
BRH:56
end_of_record
TN:
SF:src\pages\Dashboard.tsx
FN:9,Dashboard
FN:16,(anonymous_1)
FN:61,(anonymous_2)
FN:95,(anonymous_3)
FN:125,(anonymous_4)
FN:126,(anonymous_5)
FN:224,(anonymous_6)
FN:261,(anonymous_7)
FN:285,(anonymous_8)
FN:313,(anonymous_9)
FN:353,(anonymous_10)
FNF:11
FNH:8
FNDA:13,Dashboard
FNDA:6,(anonymous_1)
FNDA:5,(anonymous_2)
FNDA:24,(anonymous_3)
FNDA:2,(anonymous_4)
FNDA:2,(anonymous_5)
FNDA:0,(anonymous_6)
FNDA:20,(anonymous_7)
FNDA:0,(anonymous_8)
FNDA:1,(anonymous_9)
FNDA:0,(anonymous_10)
DA:10,13
DA:11,13
DA:12,13
DA:13,13
DA:14,13
DA:16,13
DA:17,6
DA:18,6
DA:19,6
DA:20,6
DA:22,6
DA:35,4
DA:36,1
DA:37,1
DA:38,1
DA:39,1
DA:42,3
DA:43,0
DA:46,3
DA:51,3
DA:52,3
DA:54,1
DA:55,1
DA:57,5
DA:61,13
DA:62,5
DA:65,13
DA:66,1
DA:83,11
DA:84,6
DA:96,24
DA:122,5
DA:123,13
DA:124,13
DA:125,13
DA:126,13
DA:128,13
DA:224,0
DA:262,20
DA:285,0
DA:314,1
DA:354,0
LF:42
LH:38
BRDA:35,0,0,1
BRDA:35,0,1,3
BRDA:35,1,0,4
BRDA:35,1,1,3
BRDA:42,2,0,0
BRDA:42,2,1,3
BRDA:42,3,0,3
BRDA:42,3,1,3
BRDA:52,4,0,3
BRDA:52,4,1,0
BRDA:55,5,0,1
BRDA:55,5,1,0
BRDA:65,6,0,1
BRDA:65,6,1,12
BRDA:83,7,0,6
BRDA:83,7,1,5
BRDA:122,8,0,5
BRDA:122,8,1,3
BRDA:123,9,0,13
BRDA:123,9,1,3
BRDA:124,10,0,13
BRDA:124,10,1,3
BRDA:144,11,0,13
BRDA:144,11,1,3
BRDA:145,12,0,13
BRDA:145,12,1,4
BRDA:151,13,0,13
BRDA:151,13,1,4
BRDA:153,14,0,13
BRDA:153,14,1,4
BRDA:162,15,0,13
BRDA:162,15,1,4
BRDA:171,16,0,13
BRDA:171,16,1,4
BRDA:191,17,0,0
BRDA:191,17,1,5
BRDA:191,18,0,13
BRDA:191,18,1,5
BRDA:224,19,0,0
BRDA:224,19,1,5
BRDA:224,20,0,13
BRDA:224,20,1,5
BRDA:224,20,2,0
BRDA:285,21,0,0
BRDA:285,21,1,5
BRDA:285,22,0,13
BRDA:285,22,1,5
BRDA:285,22,2,0
BRDA:312,23,0,1
BRDA:312,23,1,4
BRDA:353,24,0,13
BRDA:353,24,1,5
BRF:52
BRH:44
end_of_record
TN:
SF:src\pages\ForumPage.tsx
FN:8,ForumPage
FN:39,(anonymous_1)
FN:65,(anonymous_2)
FN:90,(anonymous_3)
FN:95,(anonymous_4)
FN:139,(anonymous_5)
FN:147,(anonymous_6)
FN:159,(anonymous_7)
FN:163,(anonymous_8)
FN:163,(anonymous_9)
FN:176,(anonymous_10)
FN:211,(anonymous_11)
FN:220,(anonymous_12)
FN:220,(anonymous_13)
FN:226,(anonymous_14)
FN:242,(anonymous_15)
FN:264,(anonymous_16)
FN:290,(anonymous_17)
FN:290,(anonymous_18)
FN:296,(anonymous_19)
FN:325,(anonymous_20)
FN:365,(anonymous_21)
FN:368,(anonymous_22)
FN:388,(anonymous_23)
FN:410,(anonymous_24)
FN:417,(anonymous_25)
FN:431,(anonymous_26)
FN:440,(anonymous_27)
FN:443,(anonymous_28)
FN:482,(anonymous_29)
FN:516,(anonymous_30)
FN:533,(anonymous_31)
FN:545,(anonymous_32)
FN:564,(anonymous_33)
FN:574,(anonymous_34)
FN:613,(anonymous_35)
FN:644,(anonymous_36)
FN:677,(anonymous_37)
FN:709,(anonymous_38)
FNF:39
FNH:38
FNDA:60,ForumPage
FNDA:16,(anonymous_1)
FNDA:20,(anonymous_2)
FNDA:14,(anonymous_3)
FNDA:2,(anonymous_4)
FNDA:71,(anonymous_5)
FNDA:34,(anonymous_6)
FNDA:3,(anonymous_7)
FNDA:3,(anonymous_8)
FNDA:6,(anonymous_9)
FNDA:1,(anonymous_10)
FNDA:2,(anonymous_11)
FNDA:2,(anonymous_12)
FNDA:4,(anonymous_13)
FNDA:2,(anonymous_14)
FNDA:3,(anonymous_15)
FNDA:1,(anonymous_16)
FNDA:1,(anonymous_17)
FNDA:2,(anonymous_18)
FNDA:1,(anonymous_19)
FNDA:4,(anonymous_20)
FNDA:354,(anonymous_21)
FNDA:1,(anonymous_22)
FNDA:93,(anonymous_23)
FNDA:1,(anonymous_24)
FNDA:2,(anonymous_25)
FNDA:69,(anonymous_26)
FNDA:69,(anonymous_27)
FNDA:2,(anonymous_28)
FNDA:2,(anonymous_29)
FNDA:0,(anonymous_30)
FNDA:1,(anonymous_31)
FNDA:1,(anonymous_32)
FNDA:1,(anonymous_33)
FNDA:1,(anonymous_34)
FNDA:1,(anonymous_35)
FNDA:1,(anonymous_36)
FNDA:10,(anonymous_37)
FNDA:1,(anonymous_38)
DA:6,1
DA:9,60
DA:10,60
DA:11,60
DA:12,60
DA:13,60
DA:16,60
DA:23,60
DA:26,60
DA:27,60
DA:28,60
DA:29,60
DA:30,60
DA:33,60
DA:34,60
DA:35,60
DA:36,60
DA:37,60
DA:39,60
DA:40,16
DA:41,16
DA:42,16
DA:47,16
DA:48,16
DA:49,16
DA:50,0
DA:51,0
DA:52,0
DA:53,0
DA:55,0
DA:58,0
DA:59,0
DA:61,16
DA:65,60
DA:66,20
DA:67,20
DA:68,20
DA:73,20
DA:74,20
DA:75,20
DA:84,0
DA:86,20
DA:90,60
DA:91,14
DA:92,14
DA:95,60
DA:96,2
DA:97,2
DA:98,1
DA:99,1
DA:102,1
DA:103,1
DA:104,1
DA:105,1
DA:118,1
DA:119,1
DA:120,1
DA:121,1
DA:122,1
DA:123,1
DA:124,1
DA:125,1
DA:127,0
DA:128,0
DA:131,0
DA:132,0
DA:134,1
DA:139,60
DA:140,71
DA:141,71
DA:143,71
DA:147,60
DA:148,34
DA:149,1
DA:151,33
DA:152,1
DA:155,32
DA:159,60
DA:160,3
DA:163,3
DA:164,6
DA:165,3
DA:166,3
DA:172,3
DA:175,3
DA:176,1
DA:177,1
DA:178,1
DA:179,1
DA:187,3
DA:188,3
DA:189,3
DA:195,3
DA:197,1
DA:198,1
DA:201,2
DA:204,0
DA:206,0
DA:211,60
DA:212,2
DA:213,2
DA:214,2
DA:217,2
DA:220,2
DA:221,4
DA:222,2
DA:224,2
DA:226,2
DA:228,2
DA:229,2
DA:230,2
DA:236,2
DA:238,0
DA:242,60
DA:243,3
DA:244,3
DA:245,3
DA:246,3
DA:251,3
DA:252,3
DA:253,3
DA:255,0
DA:258,0
DA:260,3
DA:264,60
DA:265,1
DA:266,1
DA:268,1
DA:269,1
DA:270,1
DA:271,1
DA:282,1
DA:283,1
DA:284,1
DA:287,1
DA:290,1
DA:291,2
DA:292,1
DA:294,1
DA:296,1
DA:299,1
DA:301,0
DA:302,0
DA:305,0
DA:306,0
DA:308,1
DA:312,60
DA:325,4
DA:366,354
DA:368,1
DA:389,93
DA:410,1
DA:417,2
DA:432,69
DA:441,69
DA:443,2
DA:482,2
DA:516,0
DA:533,1
DA:545,1
DA:564,1
DA:574,1
DA:613,1
DA:644,1
DA:678,10
DA:709,1
LF:166
LH:144
BRDA:47,0,0,16
BRDA:47,0,1,0
BRDA:50,1,0,0
BRDA:50,1,1,0
BRDA:73,2,0,20
BRDA:73,2,1,0
BRDA:76,3,0,20
BRDA:76,3,1,19
BRDA:77,4,0,20
BRDA:77,4,1,19
BRDA:78,5,0,20
BRDA:78,5,1,19
BRDA:79,6,0,20
BRDA:79,6,1,19
BRDA:80,7,0,20
BRDA:80,7,1,19
BRDA:97,8,0,1
BRDA:97,8,1,1
BRDA:97,9,0,2
BRDA:97,9,1,1
BRDA:118,10,0,1
BRDA:118,10,1,0
BRDA:128,11,0,0
BRDA:128,11,1,0
BRDA:140,12,0,71
BRDA:140,12,1,2
BRDA:141,13,0,71
BRDA:141,13,1,1
BRDA:143,14,0,71
BRDA:143,14,1,70
BRDA:148,15,0,1
BRDA:148,15,1,33
BRDA:149,16,0,0
BRDA:149,16,1,1
BRDA:149,17,0,1
BRDA:149,17,1,0
BRDA:151,18,0,1
BRDA:151,18,1,32
BRDA:164,19,0,3
BRDA:164,19,1,3
BRDA:168,20,0,0
BRDA:168,20,1,3
BRDA:175,21,0,1
BRDA:175,21,1,2
BRDA:175,22,0,3
BRDA:175,22,1,1
BRDA:177,23,0,0
BRDA:177,23,1,1
BRDA:181,24,0,0
BRDA:181,24,1,1
BRDA:195,25,0,1
BRDA:195,25,1,2
BRDA:221,26,0,2
BRDA:221,26,1,2
BRDA:222,27,0,2
BRDA:222,27,1,0
BRDA:226,28,0,2
BRDA:226,28,1,0
BRDA:226,29,0,2
BRDA:226,29,1,0
BRDA:251,30,0,3
BRDA:251,30,1,0
BRDA:266,31,0,0
BRDA:266,31,1,1
BRDA:266,32,0,1
BRDA:266,32,1,1
BRDA:282,33,0,1
BRDA:282,33,1,0
BRDA:291,34,0,1
BRDA:291,34,1,1
BRDA:292,35,0,1
BRDA:292,35,1,0
BRDA:296,36,0,1
BRDA:296,36,1,0
BRDA:296,37,0,1
BRDA:296,37,1,0
BRDA:302,38,0,0
BRDA:302,38,1,0
BRDA:338,39,0,23
BRDA:338,39,1,36
BRDA:338,40,0,60
BRDA:338,40,1,36
BRDA:343,41,0,23
BRDA:343,41,1,36
BRDA:343,42,0,60
BRDA:343,42,1,36
BRDA:348,43,0,23
BRDA:348,43,1,36
BRDA:348,44,0,60
BRDA:348,44,1,36
BRDA:353,45,0,23
BRDA:353,45,1,36
BRDA:353,46,0,60
BRDA:353,46,1,36
BRDA:370,47,0,59
BRDA:370,47,1,295
BRDA:388,48,0,23
BRDA:388,48,1,36
BRDA:429,49,0,23
BRDA:429,49,1,36
BRDA:434,50,0,1
BRDA:434,50,1,35
BRDA:456,51,0,69
BRDA:456,51,1,35
BRDA:483,52,0,41
BRDA:483,52,1,28
BRDA:485,53,0,41
BRDA:485,53,1,28
BRDA:508,54,0,60
BRDA:508,54,1,10
BRDA:584,55,0,1
BRDA:584,55,1,9
BRDA:600,56,0,60
BRDA:600,56,1,12
BRDA:645,57,0,2
BRDA:645,57,1,10
BRDA:647,58,0,2
BRDA:647,58,1,10
BRDA:665,59,0,3
BRDA:665,59,1,9
BRDA:669,60,0,0
BRDA:669,60,1,9
BRDA:715,61,0,12
BRDA:715,61,1,11
BRDA:718,62,0,1
BRDA:718,62,1,11
BRF:126
BRH:102
end_of_record
TN:
SF:src\pages\HomePage.tsx
FN:5,HomePage
FN:45,(anonymous_1)
FN:94,(anonymous_2)
FN:143,(anonymous_3)
FN:167,(anonymous_4)
FN:215,(anonymous_5)
FN:232,(anonymous_6)
FNF:7
FNH:7
FNDA:8,HomePage
FNDA:32,(anonymous_1)
FNDA:48,(anonymous_2)
FNDA:24,(anonymous_3)
FNDA:128,(anonymous_4)
FNDA:24,(anonymous_5)
FNDA:120,(anonymous_6)
DA:6,8
DA:46,32
DA:95,48
DA:144,24
DA:168,128
DA:216,24
DA:233,120
LF:7
LH:7
BRDA:151,0,0,8
BRDA:151,0,1,16
BRDA:156,1,0,24
BRDA:156,1,1,8
BRDA:164,2,0,8
BRDA:164,2,1,16
BRDA:169,3,0,48
BRDA:169,3,1,80
BRDA:177,4,0,8
BRDA:177,4,1,16
BRF:10
BRH:10
end_of_record
TN:
SF:src\pages\LeaderboardPage.tsx
FN:17,LeaderboardPage
FN:20,(anonymous_1)
FN:27,(anonymous_2)
FN:99,(anonymous_3)
FN:102,(anonymous_4)
FN:198,(anonymous_5)
FNF:6
FNH:6
FNDA:5,LeaderboardPage
FNDA:50,(anonymous_1)
FNDA:15,(anonymous_2)
FNDA:15,(anonymous_3)
FNDA:1,(anonymous_4)
FNDA:50,(anonymous_5)
DA:4,1
DA:18,5
DA:20,5
DA:21,50
DA:22,45
DA:23,40
DA:24,35
DA:27,5
DA:28,15
DA:29,10
DA:30,5
DA:31,0
DA:34,5
DA:100,15
DA:102,1
DA:199,50
LF:16
LH:15
BRDA:21,0,0,5
BRDA:21,0,1,45
BRDA:22,1,0,5
BRDA:22,1,1,40
BRDA:23,2,0,5
BRDA:23,2,1,35
BRDA:28,3,0,5
BRDA:28,3,1,10
BRDA:29,4,0,5
BRDA:29,4,1,5
BRDA:30,5,0,5
BRDA:30,5,1,0
BRDA:104,6,0,5
BRDA:104,6,1,10
BRDA:202,7,0,15
BRDA:202,7,1,35
BRDA:214,8,0,15
BRDA:214,8,1,35
BRDA:221,9,0,15
BRDA:221,9,1,35
BRDA:226,10,0,15
BRDA:226,10,1,35
BRDA:230,11,0,15
BRDA:230,11,1,35
BRF:24
BRH:23
end_of_record
TN:
SF:src\pages\LiveClassesPage.tsx
FN:83,LiveClassesPage
FN:86,(anonymous_1)
FN:90,(anonymous_2)
FN:138,(anonymous_3)
FN:149,(anonymous_4)
FN:165,(anonymous_5)
FN:217,(anonymous_6)
FN:241,(anonymous_7)
FN:259,(anonymous_8)
FN:268,(anonymous_9)
FN:296,(anonymous_10)
FN:317,(anonymous_11)
FNF:12
FNH:10
FNDA:7,LiveClassesPage
FNDA:1,(anonymous_1)
FNDA:1,(anonymous_2)
FNDA:0,(anonymous_3)
FNDA:2,(anonymous_4)
FNDA:15,(anonymous_5)
FNDA:40,(anonymous_6)
FNDA:1,(anonymous_7)
FNDA:6,(anonymous_8)
FNDA:0,(anonymous_9)
FNDA:1,(anonymous_10)
FNDA:21,(anonymous_11)
DA:5,1
DA:50,1
DA:84,7
DA:86,7
DA:87,1
DA:90,7
DA:91,1
DA:94,7
DA:138,0
DA:149,2
DA:166,15
DA:218,40
DA:241,1
DA:260,6
DA:268,0
DA:296,1
DA:318,21
LF:17
LH:15
BRDA:140,0,0,5
BRDA:140,0,1,2
BRDA:151,1,0,2
BRDA:151,1,1,5
BRDA:163,2,0,7
BRDA:163,2,1,5
BRDA:257,3,0,7
BRDA:257,3,1,2
BRF:8
BRH:8
end_of_record
TN:
SF:src\pages\LoginPage.tsx
FN:7,LoginPage
FN:17,(anonymous_1)
FN:42,(anonymous_2)
FN:62,(anonymous_3)
FN:102,(anonymous_4)
FN:123,(anonymous_5)
FN:154,(anonymous_6)
FN:169,(anonymous_7)
FN:176,(anonymous_8)
FN:200,(anonymous_9)
FNF:10
FNH:10
FNDA:74,LoginPage
FNDA:9,(anonymous_1)
FNDA:3,(anonymous_2)
FNDA:3,(anonymous_3)
FNDA:3,(anonymous_4)
FNDA:1,(anonymous_5)
FNDA:10,(anonymous_6)
FNDA:9,(anonymous_7)
FNDA:2,(anonymous_8)
FNDA:6,(anonymous_9)
DA:8,74
DA:9,74
DA:10,74
DA:11,74
DA:12,74
DA:13,74
DA:14,74
DA:15,74
DA:17,74
DA:18,9
DA:19,9
DA:21,9
DA:22,9
DA:24,4
DA:26,4
DA:28,9
DA:29,1
DA:31,3
DA:34,4
DA:36,4
DA:38,8
DA:42,74
DA:43,3
DA:44,3
DA:46,2
DA:48,2
DA:50,3
DA:51,1
DA:53,1
DA:56,1
DA:58,1
DA:62,74
DA:63,3
DA:64,3
DA:65,3
DA:66,3
DA:67,1
DA:68,1
DA:69,1
DA:71,1
DA:72,1
DA:74,2
DA:78,74
DA:102,3
DA:124,1
DA:125,1
DA:154,10
DA:169,9
DA:176,2
DA:201,6
DA:202,6
LF:51
LH:51
BRDA:26,0,0,4
BRDA:26,0,1,0
BRDA:28,1,0,1
BRDA:28,1,1,3
BRDA:36,2,0,4
BRDA:36,2,1,1
BRDA:48,3,0,2
BRDA:48,3,1,0
BRDA:50,4,0,1
BRDA:50,4,1,1
BRDA:58,5,0,1
BRDA:58,5,1,0
BRDA:72,6,0,1
BRDA:72,6,1,0
BRDA:81,7,0,13
BRDA:81,7,1,61
BRDA:115,8,0,3
BRDA:115,8,1,10
BRDA:167,9,0,1
BRDA:167,9,1,60
BRDA:179,10,0,1
BRDA:179,10,1,60
BRDA:215,11,0,9
BRDA:215,11,1,52
BRF:24
BRH:20
end_of_record
TN:
SF:src\pages\MockTestPage.tsx
FN:47,parseTimeToSeconds
FN:54,MockTestPage
FN:107,(anonymous_2)
FN:130,(anonymous_3)
FN:141,(anonymous_4)
FN:142,(anonymous_5)
FN:156,(anonymous_6)
FN:176,(anonymous_7)
FN:177,(anonymous_8)
FN:197,(anonymous_9)
FN:209,(anonymous_10)
FN:221,(anonymous_11)
FN:228,(anonymous_12)
FN:236,(anonymous_13)
FN:237,(anonymous_14)
FN:240,(anonymous_15)
FN:244,(anonymous_16)
FN:265,(anonymous_17)
FN:266,(anonymous_18)
FN:276,(anonymous_19)
FN:277,(anonymous_20)
FN:289,(anonymous_21)
FN:295,(anonymous_22)
FN:297,(anonymous_23)
FN:309,(anonymous_24)
FN:382,(anonymous_25)
FN:387,(anonymous_26)
FN:429,(anonymous_27)
FN:470,(anonymous_28)
FN:508,(anonymous_29)
FN:529,(anonymous_30)
FN:541,(anonymous_31)
FN:558,(anonymous_32)
FN:603,(anonymous_33)
FN:640,(anonymous_34)
FN:646,formatTime
FN:654,(anonymous_36)
FN:716,(anonymous_37)
FN:727,(anonymous_38)
FN:731,(anonymous_39)
FN:746,(anonymous_40)
FN:750,(anonymous_41)
FN:753,(anonymous_42)
FN:782,(anonymous_43)
FN:821,(anonymous_44)
FN:859,(anonymous_45)
FN:870,(anonymous_46)
FN:872,(anonymous_47)
FN:881,(anonymous_48)
FN:888,(anonymous_49)
FN:890,(anonymous_50)
FN:894,(anonymous_51)
FN:914,(anonymous_52)
FN:920,(anonymous_53)
FN:944,(anonymous_54)
FN:953,(anonymous_55)
FN:961,(anonymous_56)
FN:980,(anonymous_57)
FN:986,(anonymous_58)
FN:1048,(anonymous_59)
FN:1054,(anonymous_60)
FN:1105,(anonymous_61)
FN:1111,(anonymous_62)
FN:1134,(anonymous_63)
FN:1140,(anonymous_64)
FN:1142,(anonymous_65)
FN:1171,(anonymous_66)
FN:1171,(anonymous_67)
FN:1176,(anonymous_68)
FN:1189,(anonymous_69)
FN:1194,(anonymous_70)
FN:1195,(anonymous_71)
FN:1213,(anonymous_72)
FN:1266,(anonymous_73)
FN:1267,(anonymous_74)
FN:1287,(anonymous_75)
FN:1295,(anonymous_76)
FN:1352,(anonymous_77)
FN:1357,(anonymous_78)
FN:1407,(anonymous_79)
FN:1409,(anonymous_80)
FN:1419,(anonymous_81)
FN:1425,(anonymous_82)
FN:1539,(anonymous_83)
FN:1624,(anonymous_84)
FN:1646,(anonymous_85)
FN:1696,(anonymous_86)
FN:1709,(anonymous_87)
FN:1714,(anonymous_88)
FN:1759,(anonymous_89)
FN:1769,(anonymous_90)
FN:1779,(anonymous_91)
FN:1805,(anonymous_92)
FN:1834,(anonymous_93)
FN:1854,(anonymous_94)
FN:1886,(anonymous_95)
FN:1907,(anonymous_96)
FN:1936,(anonymous_97)
FN:1988,(anonymous_98)
FNF:99
FNH:77
FNDA:6,parseTimeToSeconds
FNDA:163,MockTestPage
FNDA:16,(anonymous_2)
FNDA:21,(anonymous_3)
FNDA:2,(anonymous_4)
FNDA:2,(anonymous_5)
FNDA:20,(anonymous_6)
FNDA:1,(anonymous_7)
FNDA:1,(anonymous_8)
FNDA:1,(anonymous_9)
FNDA:3,(anonymous_10)
FNDA:16,(anonymous_11)
FNDA:33,(anonymous_12)
FNDA:5,(anonymous_13)
FNDA:5,(anonymous_14)
FNDA:11,(anonymous_15)
FNDA:48,(anonymous_16)
FNDA:0,(anonymous_17)
FNDA:0,(anonymous_18)
FNDA:0,(anonymous_19)
FNDA:0,(anonymous_20)
FNDA:3,(anonymous_21)
FNDA:19,(anonymous_22)
FNDA:0,(anonymous_23)
FNDA:45,(anonymous_24)
FNDA:9,(anonymous_25)
FNDA:7,(anonymous_26)
FNDA:10,(anonymous_27)
FNDA:2,(anonymous_28)
FNDA:9,(anonymous_29)
FNDA:12,(anonymous_30)
FNDA:4,(anonymous_31)
FNDA:17,(anonymous_32)
FNDA:17,(anonymous_33)
FNDA:2,(anonymous_34)
FNDA:79,formatTime
FNDA:79,(anonymous_36)
FNDA:0,(anonymous_37)
FNDA:0,(anonymous_38)
FNDA:0,(anonymous_39)
FNDA:0,(anonymous_40)
FNDA:0,(anonymous_41)
FNDA:1,(anonymous_42)
FNDA:1,(anonymous_43)
FNDA:2,(anonymous_44)
FNDA:109,(anonymous_45)
FNDA:0,(anonymous_46)
FNDA:20,(anonymous_47)
FNDA:0,(anonymous_48)
FNDA:22,(anonymous_49)
FNDA:0,(anonymous_50)
FNDA:0,(anonymous_51)
FNDA:38,(anonymous_52)
FNDA:3,(anonymous_53)
FNDA:1,(anonymous_54)
FNDA:24,(anonymous_55)
FNDA:0,(anonymous_56)
FNDA:10,(anonymous_57)
FNDA:2,(anonymous_58)
FNDA:12,(anonymous_59)
FNDA:0,(anonymous_60)
FNDA:32,(anonymous_61)
FNDA:2,(anonymous_62)
FNDA:57,(anonymous_63)
FNDA:3,(anonymous_64)
FNDA:0,(anonymous_65)
FNDA:20,(anonymous_66)
FNDA:10,(anonymous_67)
FNDA:3,(anonymous_68)
FNDA:10,(anonymous_69)
FNDA:1,(anonymous_70)
FNDA:2,(anonymous_71)
FNDA:1,(anonymous_72)
FNDA:0,(anonymous_73)
FNDA:0,(anonymous_74)
FNDA:79,(anonymous_75)
FNDA:383,(anonymous_76)
FNDA:316,(anonymous_77)
FNDA:0,(anonymous_78)
FNDA:316,(anonymous_79)
FNDA:383,(anonymous_80)
FNDA:383,(anonymous_81)
FNDA:0,(anonymous_82)
FNDA:1,(anonymous_83)
FNDA:48,(anonymous_84)
FNDA:48,(anonymous_85)
FNDA:1,(anonymous_86)
FNDA:29,(anonymous_87)
FNDA:1,(anonymous_88)
FNDA:0,(anonymous_89)
FNDA:2,(anonymous_90)
FNDA:1,(anonymous_91)
FNDA:24,(anonymous_92)
FNDA:9,(anonymous_93)
FNDA:1,(anonymous_94)
FNDA:1,(anonymous_95)
FNDA:1,(anonymous_96)
FNDA:1,(anonymous_97)
FNDA:1,(anonymous_98)
DA:12,2
DA:48,6
DA:49,5
DA:50,0
DA:51,0
DA:55,163
DA:56,163
DA:57,163
DA:60,163
DA:61,163
DA:64,163
DA:65,163
DA:66,163
DA:67,163
DA:70,163
DA:71,163
DA:72,163
DA:73,163
DA:76,163
DA:77,163
DA:80,163
DA:81,163
DA:82,163
DA:85,163
DA:86,163
DA:87,163
DA:88,163
DA:91,163
DA:92,163
DA:95,163
DA:96,163
DA:97,163
DA:98,163
DA:99,163
DA:100,163
DA:101,163
DA:104,163
DA:107,163
DA:108,16
DA:109,16
DA:110,16
DA:111,16
DA:116,15
DA:117,14
DA:118,14
DA:120,1
DA:123,0
DA:124,0
DA:126,15
DA:130,163
DA:131,21
DA:132,21
DA:133,21
DA:134,21
DA:139,20
DA:140,20
DA:141,20
DA:142,20
DA:143,20
DA:144,20
DA:146,0
DA:149,0
DA:150,0
DA:152,20
DA:156,163
DA:157,20
DA:158,20
DA:159,20
DA:172,1
DA:176,163
DA:177,1
DA:186,1
DA:187,1
DA:188,1
DA:189,1
DA:190,1
DA:191,1
DA:192,1
DA:193,1
DA:194,1
DA:197,163
DA:198,1
DA:199,1
DA:200,1
DA:209,3
DA:221,163
DA:222,16
DA:223,16
DA:228,163
DA:229,33
DA:230,22
DA:231,1
DA:233,22
DA:236,11
DA:237,5
DA:240,11
DA:244,163
DA:245,48
DA:246,20
DA:249,20
DA:250,48
DA:251,48
DA:252,48
DA:253,7
DA:254,4
DA:256,3
DA:260,20
DA:262,3
DA:264,3
DA:265,0
DA:266,0
DA:267,0
DA:268,0
DA:269,0
DA:270,0
DA:272,0
DA:275,3
DA:276,1
DA:277,0
DA:278,0
DA:279,0
DA:280,0
DA:281,0
DA:282,0
DA:284,0
DA:289,3
DA:290,3
DA:295,163
DA:296,19
DA:297,0
DA:298,0
DA:300,0
DA:301,0
DA:302,0
DA:303,0
DA:309,163
DA:310,45
DA:311,17
DA:314,17
DA:315,45
DA:316,45
DA:317,45
DA:318,4
DA:319,3
DA:321,1
DA:326,17
DA:329,17
DA:330,17
DA:331,17
DA:333,17
DA:334,1
DA:335,1
DA:337,1
DA:338,0
DA:339,0
DA:340,0
DA:342,0
DA:345,1
DA:346,1
DA:347,1
DA:349,0
DA:350,0
DA:356,17
DA:357,17
DA:360,17
DA:361,17
DA:362,17
DA:363,17
DA:364,17
DA:365,17
DA:367,17
DA:368,2
DA:369,2
DA:370,2
DA:371,0
DA:373,2
DA:375,2
DA:376,2
DA:378,15
DA:382,163
DA:383,9
DA:384,9
DA:387,163
DA:388,7
DA:389,7
DA:390,7
DA:391,7
DA:392,7
DA:394,7
DA:395,7
DA:396,7
DA:402,7
DA:403,7
DA:404,7
DA:405,0
DA:406,0
DA:408,7
DA:409,7
DA:410,7
DA:411,7
DA:412,7
DA:413,7
DA:416,0
DA:417,0
DA:420,0
DA:421,0
DA:422,0
DA:424,7
DA:429,163
DA:430,10
DA:433,10
DA:434,10
DA:435,10
DA:436,10
DA:437,2
DA:438,2
DA:440,0
DA:444,10
DA:445,10
DA:447,10
DA:448,0
DA:449,0
DA:450,0
DA:452,0
DA:453,10
DA:454,2
DA:457,8
DA:458,8
DA:459,8
DA:460,8
DA:461,8
DA:462,8
DA:463,8
DA:465,8
DA:466,2
DA:467,6
DA:468,2
DA:469,4
DA:470,2
DA:471,1
DA:472,3
DA:473,0
DA:474,3
DA:475,2
DA:476,1
DA:477,1
DA:481,10
DA:482,10
DA:483,10
DA:484,10
DA:499,10
DA:500,9
DA:501,9
DA:508,9
DA:509,9
DA:510,9
DA:511,9
DA:513,9
DA:516,9
DA:517,9
DA:518,9
DA:520,1
DA:522,0
DA:523,0
DA:525,10
DA:529,163
DA:530,12
DA:531,9
DA:532,9
DA:533,9
DA:534,9
DA:537,3
DA:541,163
DA:542,4
DA:543,4
DA:545,4
DA:546,1
DA:548,3
DA:552,4
DA:553,4
DA:554,4
DA:555,4
DA:556,4
DA:558,4
DA:559,17
DA:560,17
DA:562,17
DA:563,17
DA:564,17
DA:565,17
DA:566,3
DA:567,2
DA:569,1
DA:573,17
DA:574,1
DA:575,1
DA:576,16
DA:577,2
DA:578,2
DA:579,14
DA:580,10
DA:581,10
DA:582,4
DA:583,4
DA:584,4
DA:588,4
DA:589,4
DA:590,4
DA:591,4
DA:592,4
DA:594,4
DA:603,17
DA:614,4
DA:615,4
DA:616,4
DA:617,4
DA:632,4
DA:633,4
DA:635,0
DA:640,163
DA:641,2
DA:642,2
DA:643,2
DA:647,79
DA:648,79
DA:649,79
DA:650,79
DA:654,163
DA:655,79
DA:656,79
DA:657,79
DA:658,79
DA:659,16
DA:660,12
DA:662,4
DA:666,79
DA:667,4
DA:717,0
DA:718,0
DA:728,0
DA:732,0
DA:733,0
DA:734,0
DA:747,0
DA:748,0
DA:751,0
DA:754,1
DA:755,1
DA:756,1
DA:757,1
DA:758,1
DA:773,1
DA:774,1
DA:775,1
DA:782,1
DA:783,1
DA:784,1
DA:785,1
DA:787,1
DA:790,1
DA:791,1
DA:793,0
DA:796,0
DA:797,0
DA:799,1
DA:808,75
DA:809,12
DA:810,12
DA:811,12
DA:813,12
DA:821,2
DA:853,63
DA:854,79
DA:855,79
DA:856,79
DA:857,79
DA:859,79
DA:860,109
DA:861,0
DA:863,109
DA:866,79
DA:867,79
DA:868,79
DA:869,79
DA:870,0
DA:872,20
DA:875,63
DA:876,16
DA:877,16
DA:879,16
DA:880,16
DA:881,0
DA:884,16
DA:885,16
DA:886,16
DA:887,16
DA:888,22
DA:889,0
DA:890,0
DA:893,0
DA:894,0
DA:899,16
DA:900,16
DA:901,0
DA:903,16
DA:906,16
DA:907,16
DA:909,16
DA:911,16
DA:915,38
DA:921,3
DA:922,3
DA:923,2
DA:924,2
DA:925,2
DA:926,2
DA:927,1
DA:928,1
DA:929,1
DA:930,1
DA:945,1
DA:946,1
DA:947,1
DA:954,24
DA:962,0
DA:963,0
DA:964,0
DA:981,10
DA:982,10
DA:983,10
DA:987,2
DA:1033,47
DA:1034,2
DA:1035,2
DA:1036,2
DA:1037,0
DA:1039,2
DA:1042,2
DA:1044,2
DA:1049,12
DA:1050,12
DA:1051,12
DA:1055,0
DA:1097,45
DA:1098,45
DA:1100,79
DA:1106,32
DA:1107,32
DA:1108,32
DA:1112,2
DA:1135,57
DA:1136,57
DA:1137,57
DA:1141,3
DA:1142,3
DA:1143,3
DA:1171,20
DA:1172,10
DA:1173,10
DA:1177,3
DA:1190,10
DA:1191,10
DA:1195,2
DA:1213,1
DA:1249,163
DA:1250,7
DA:1266,155
DA:1267,0
DA:1268,0
DA:1269,0
DA:1270,0
DA:1271,0
DA:1272,0
DA:1273,0
DA:1275,0
DA:1278,0
DA:1280,0
DA:1281,0
DA:1283,0
DA:1287,155
DA:1288,79
DA:1295,79
DA:1296,383
DA:1297,383
DA:1298,383
DA:1299,383
DA:1300,44
DA:1301,27
DA:1303,17
DA:1306,383
DA:1307,383
DA:1311,79
DA:1315,155
DA:1316,79
DA:1319,79
DA:1320,79
DA:1321,79
DA:1322,79
DA:1323,16
DA:1324,12
DA:1326,4
DA:1330,79
DA:1331,79
DA:1332,79
DA:1334,79
DA:1336,79
DA:1353,316
DA:1354,316
DA:1357,0
DA:1408,316
DA:1409,383
DA:1410,175
DA:1420,383
DA:1421,383
DA:1422,383
DA:1425,0
DA:1540,1
DA:1541,1
DA:1542,1
DA:1543,1
DA:1545,1
DA:1546,1
DA:1547,1
DA:1548,1
DA:1582,76
DA:1583,12
DA:1625,48
DA:1647,48
DA:1648,48
DA:1696,1
DA:1709,64
DA:1710,29
DA:1711,26
DA:1714,26
DA:1715,26
DA:1718,64
DA:1759,0
DA:1769,2
DA:1779,1
DA:1806,24
DA:1834,9
DA:1855,1
DA:1856,1
DA:1857,1
DA:1886,1
DA:1908,1
DA:1936,1
DA:1988,1
LF:548
LH:458
BRDA:47,0,0,6
BRDA:48,1,0,1
BRDA:48,1,1,5
BRDA:48,2,0,6
BRDA:48,2,1,5
BRDA:49,3,0,5
BRDA:49,3,1,0
BRDA:51,4,0,0
BRDA:51,4,1,0
BRDA:116,5,0,14
BRDA:116,5,1,1
BRDA:139,6,0,20
BRDA:139,6,1,0
BRDA:177,7,0,1
BRDA:177,7,1,0
BRDA:208,8,0,1
BRDA:208,8,1,1
BRDA:210,9,0,3
BRDA:210,9,1,3
BRDA:213,10,0,3
BRDA:213,10,1,0
BRDA:214,11,0,3
BRDA:214,11,1,2
BRDA:215,12,0,3
BRDA:215,12,1,0
BRDA:216,13,0,3
BRDA:216,13,1,0
BRDA:229,14,0,22
BRDA:229,14,1,11
BRDA:229,15,0,33
BRDA:229,15,1,12
BRDA:230,16,0,1
BRDA:230,16,1,21
BRDA:230,17,0,22
BRDA:230,17,1,1
BRDA:245,18,0,28
BRDA:245,18,1,20
BRDA:245,19,0,48
BRDA:245,19,1,27
BRDA:249,20,0,20
BRDA:249,20,1,0
BRDA:250,21,0,48
BRDA:250,21,1,0
BRDA:252,22,0,7
BRDA:252,22,1,41
BRDA:252,23,0,48
BRDA:252,23,1,20
BRDA:252,23,2,17
BRDA:253,24,0,4
BRDA:253,24,1,3
BRDA:253,25,0,7
BRDA:253,25,1,7
BRDA:260,26,0,17
BRDA:260,26,1,3
BRDA:264,27,0,0
BRDA:264,27,1,3
BRDA:267,28,0,0
BRDA:267,28,1,0
BRDA:275,29,0,1
BRDA:275,29,1,2
BRDA:278,30,0,0
BRDA:278,30,1,0
BRDA:290,31,0,1
BRDA:290,31,1,2
BRDA:296,32,0,0
BRDA:296,32,1,19
BRDA:296,33,0,19
BRDA:296,33,1,0
BRDA:310,34,0,28
BRDA:310,34,1,17
BRDA:310,35,0,45
BRDA:310,35,1,24
BRDA:314,36,0,17
BRDA:314,36,1,0
BRDA:315,37,0,45
BRDA:315,37,1,0
BRDA:317,38,0,4
BRDA:317,38,1,41
BRDA:317,39,0,45
BRDA:317,39,1,17
BRDA:317,39,2,16
BRDA:318,40,0,3
BRDA:318,40,1,1
BRDA:318,41,0,4
BRDA:318,41,1,4
BRDA:333,42,0,1
BRDA:333,42,1,16
BRDA:337,43,0,0
BRDA:337,43,1,1
BRDA:338,44,0,0
BRDA:338,44,1,0
BRDA:345,45,0,1
BRDA:345,45,1,0
BRDA:367,46,0,2
BRDA:367,46,1,15
BRDA:370,47,0,0
BRDA:370,47,1,2
BRDA:388,48,0,0
BRDA:388,48,1,7
BRDA:402,49,0,7
BRDA:402,49,1,0
BRDA:404,50,0,0
BRDA:404,50,1,7
BRDA:404,51,0,7
BRDA:404,51,1,7
BRDA:434,52,0,10
BRDA:434,52,1,0
BRDA:436,53,0,2
BRDA:436,53,1,8
BRDA:436,54,0,10
BRDA:436,54,1,10
BRDA:436,54,2,10
BRDA:437,55,0,2
BRDA:437,55,1,0
BRDA:437,56,0,2
BRDA:437,56,1,2
BRDA:447,57,0,0
BRDA:447,57,1,10
BRDA:448,58,0,0
BRDA:448,58,1,0
BRDA:453,59,0,2
BRDA:453,59,1,8
BRDA:457,60,0,8
BRDA:457,60,1,6
BRDA:457,60,2,6
BRDA:458,61,0,8
BRDA:458,61,1,3
BRDA:463,62,0,8
BRDA:463,62,1,8
BRDA:465,63,0,2
BRDA:465,63,1,6
BRDA:467,64,0,2
BRDA:467,64,1,4
BRDA:469,65,0,1
BRDA:469,65,1,3
BRDA:472,66,0,0
BRDA:472,66,1,3
BRDA:474,67,0,2
BRDA:474,67,1,1
BRDA:476,68,0,1
BRDA:476,68,1,0
BRDA:476,69,0,1
BRDA:476,69,1,0
BRDA:499,70,0,9
BRDA:499,70,1,1
BRDA:502,71,0,9
BRDA:502,71,1,0
BRDA:503,72,0,9
BRDA:503,72,1,0
BRDA:504,73,0,9
BRDA:504,73,1,0
BRDA:510,74,0,9
BRDA:510,74,1,0
BRDA:530,75,0,9
BRDA:530,75,1,3
BRDA:533,76,0,9
BRDA:533,76,1,0
BRDA:541,77,0,4
BRDA:545,78,0,1
BRDA:545,78,1,3
BRDA:559,79,0,17
BRDA:559,79,1,7
BRDA:563,80,0,17
BRDA:563,80,1,0
BRDA:565,81,0,3
BRDA:565,81,1,14
BRDA:565,82,0,17
BRDA:565,82,1,17
BRDA:565,82,2,16
BRDA:566,83,0,2
BRDA:566,83,1,1
BRDA:566,84,0,3
BRDA:566,84,1,3
BRDA:573,85,0,1
BRDA:573,85,1,16
BRDA:573,86,0,17
BRDA:573,86,1,16
BRDA:576,87,0,2
BRDA:576,87,1,14
BRDA:576,88,0,16
BRDA:576,88,1,14
BRDA:579,89,0,10
BRDA:579,89,1,4
BRDA:579,90,0,14
BRDA:579,90,1,4
BRDA:582,91,0,4
BRDA:582,91,1,0
BRDA:582,92,0,4
BRDA:582,92,1,0
BRDA:588,93,0,4
BRDA:588,93,1,0
BRDA:589,94,0,1
BRDA:589,94,1,3
BRDA:590,95,0,2
BRDA:590,95,1,2
BRDA:591,96,0,4
BRDA:591,96,1,0
BRDA:592,97,0,2
BRDA:592,97,1,2
BRDA:595,98,0,4
BRDA:595,98,1,0
BRDA:604,99,0,17
BRDA:604,99,1,15
BRDA:607,100,0,17
BRDA:607,100,1,7
BRDA:608,101,0,17
BRDA:608,101,1,15
BRDA:609,102,0,17
BRDA:609,102,1,7
BRDA:610,103,0,17
BRDA:610,103,1,7
BRDA:614,104,0,4
BRDA:614,104,1,0
BRDA:650,105,0,76
BRDA:650,105,1,3
BRDA:656,106,0,79
BRDA:656,106,1,0
BRDA:658,107,0,16
BRDA:658,107,1,63
BRDA:658,108,0,79
BRDA:658,108,1,79
BRDA:658,108,2,75
BRDA:659,109,0,12
BRDA:659,109,1,4
BRDA:659,110,0,16
BRDA:659,110,1,16
BRDA:666,111,0,4
BRDA:666,111,1,75
BRDA:669,112,0,4
BRDA:669,112,1,3
BRDA:671,113,0,0
BRDA:671,113,1,3
BRDA:673,114,0,2
BRDA:673,114,1,1
BRDA:673,115,0,3
BRDA:673,115,1,3
BRDA:681,116,0,0
BRDA:681,116,1,3
BRDA:684,117,0,0
BRDA:684,117,1,3
BRDA:688,118,0,3
BRDA:688,118,1,0
BRDA:689,119,0,3
BRDA:689,119,1,0
BRDA:690,120,0,3
BRDA:690,120,1,1
BRDA:691,121,0,3
BRDA:691,121,1,0
BRDA:692,122,0,3
BRDA:692,122,1,0
BRDA:693,123,0,3
BRDA:693,123,1,2
BRDA:697,124,0,3
BRDA:697,124,1,3
BRDA:697,124,2,1
BRDA:702,125,0,3
BRDA:702,125,1,0
BRDA:705,126,0,3
BRDA:705,126,1,0
BRDA:713,127,0,4
BRDA:713,127,1,0
BRDA:718,128,0,0
BRDA:718,128,1,0
BRDA:725,129,0,4
BRDA:725,129,1,0
BRDA:728,130,0,0
BRDA:728,130,1,0
BRDA:728,131,0,0
BRDA:728,131,1,0
BRDA:773,132,0,1
BRDA:773,132,1,0
BRDA:776,133,0,1
BRDA:776,133,1,0
BRDA:777,134,0,1
BRDA:777,134,1,0
BRDA:778,135,0,1
BRDA:778,135,1,0
BRDA:784,136,0,1
BRDA:784,136,1,0
BRDA:808,137,0,12
BRDA:808,137,1,63
BRDA:809,138,0,12
BRDA:809,138,1,12
BRDA:810,139,0,0
BRDA:810,139,1,12
BRDA:811,140,0,0
BRDA:811,140,1,12
BRDA:827,141,0,9
BRDA:827,141,1,3
BRDA:830,142,0,9
BRDA:830,142,1,7
BRDA:833,143,0,2
BRDA:833,143,1,7
BRDA:853,144,0,63
BRDA:853,144,1,52
BRDA:853,144,2,52
BRDA:854,145,0,79
BRDA:854,145,1,25
BRDA:860,146,0,0
BRDA:860,146,1,109
BRDA:860,147,0,109
BRDA:860,147,1,0
BRDA:861,148,0,0
BRDA:861,148,1,0
BRDA:861,148,2,0
BRDA:868,149,0,56
BRDA:868,149,1,7
BRDA:869,150,0,51
BRDA:869,150,1,7
BRDA:869,151,0,0
BRDA:869,151,1,7
BRDA:872,152,0,5
BRDA:872,152,1,0
BRDA:875,153,0,16
BRDA:875,153,1,47
BRDA:880,154,0,0
BRDA:880,154,1,16
BRDA:884,155,0,16
BRDA:884,155,1,0
BRDA:884,156,0,16
BRDA:884,156,1,16
BRDA:886,157,0,16
BRDA:886,157,1,0
BRDA:887,158,0,16
BRDA:887,158,1,0
BRDA:888,159,0,0
BRDA:888,159,1,22
BRDA:888,160,0,0
BRDA:888,160,1,0
BRDA:888,160,2,0
BRDA:889,161,0,0
BRDA:889,161,1,0
BRDA:893,162,0,0
BRDA:893,162,1,0
BRDA:900,163,0,0
BRDA:900,163,1,16
BRDA:907,164,0,16
BRDA:907,164,1,16
BRDA:907,164,2,6
BRDA:907,164,3,0
BRDA:909,165,0,16
BRDA:909,165,1,16
BRDA:917,166,0,38
BRDA:917,166,1,22
BRDA:918,167,0,10
BRDA:918,167,1,12
BRDA:921,168,0,0
BRDA:921,168,1,3
BRDA:922,169,0,2
BRDA:922,169,1,1
BRDA:927,170,0,1
BRDA:927,170,1,0
BRDA:934,171,0,6
BRDA:934,171,1,4
BRDA:939,172,0,10
BRDA:939,172,1,4
BRDA:941,173,0,12
BRDA:941,173,1,0
BRDA:943,174,0,12
BRDA:943,174,1,9
BRDA:960,175,0,0
BRDA:960,175,1,0
BRDA:976,176,0,16
BRDA:976,176,1,10
BRDA:976,176,2,10
BRDA:987,177,0,2
BRDA:987,177,1,0
BRDA:987,178,0,2
BRDA:987,178,1,2
BRDA:987,179,0,0
BRDA:987,179,1,2
BRDA:989,180,0,10
BRDA:989,180,1,5
BRDA:991,181,0,5
BRDA:991,181,1,5
BRDA:993,182,0,2
BRDA:993,182,1,3
BRDA:1008,183,0,11
BRDA:1008,183,1,5
BRDA:1014,184,0,2
BRDA:1014,184,1,9
BRDA:1033,185,0,2
BRDA:1033,185,1,45
BRDA:1036,186,0,0
BRDA:1036,186,1,2
BRDA:1055,187,0,0
BRDA:1055,187,1,0
BRDA:1058,188,0,0
BRDA:1058,188,1,12
BRDA:1071,189,0,1
BRDA:1071,189,1,1
BRDA:1074,190,0,1
BRDA:1074,190,1,1
BRDA:1077,191,0,0
BRDA:1077,191,1,1
BRDA:1098,192,0,45
BRDA:1098,192,1,45
BRDA:1103,193,0,79
BRDA:1103,193,1,11
BRDA:1103,193,2,11
BRDA:1112,194,0,2
BRDA:1112,194,1,0
BRDA:1115,195,0,7
BRDA:1115,195,1,25
BRDA:1118,196,0,14
BRDA:1118,196,1,18
BRDA:1121,197,0,7
BRDA:1121,197,1,25
BRDA:1123,198,0,32
BRDA:1123,198,1,7
BRDA:1132,199,0,79
BRDA:1132,199,1,19
BRDA:1132,199,2,19
BRDA:1141,200,0,0
BRDA:1141,200,1,3
BRDA:1142,201,0,0
BRDA:1142,201,1,3
BRDA:1146,202,0,10
BRDA:1146,202,1,47
BRDA:1149,203,0,3
BRDA:1149,203,1,54
BRDA:1152,204,0,10
BRDA:1152,204,1,47
BRDA:1154,205,0,57
BRDA:1154,205,1,10
BRDA:1167,206,0,79
BRDA:1167,206,1,10
BRDA:1167,206,2,10
BRDA:1177,207,0,3
BRDA:1177,207,1,0
BRDA:1195,208,0,1
BRDA:1195,208,1,0
BRDA:1206,209,0,79
BRDA:1206,209,1,40
BRDA:1206,209,2,5
BRDA:1223,210,0,36
BRDA:1223,210,1,9
BRDA:1226,211,0,36
BRDA:1226,211,1,30
BRDA:1226,211,2,4
BRDA:1226,211,3,28
BRDA:1226,211,4,16
BRDA:1226,211,5,16
BRDA:1226,211,6,7
BRDA:1226,211,7,13
BRDA:1226,211,8,10
BRDA:1226,211,9,3
BRDA:1229,212,0,6
BRDA:1229,212,1,30
BRDA:1249,213,0,7
BRDA:1249,213,1,156
BRDA:1269,214,0,0
BRDA:1269,214,1,0
BRDA:1271,215,0,0
BRDA:1271,215,1,0
BRDA:1271,216,0,0
BRDA:1271,216,1,0
BRDA:1271,216,2,0
BRDA:1272,217,0,0
BRDA:1272,217,1,0
BRDA:1272,218,0,0
BRDA:1272,218,1,0
BRDA:1280,219,0,0
BRDA:1280,219,1,0
BRDA:1297,220,0,383
BRDA:1297,220,1,0
BRDA:1299,221,0,44
BRDA:1299,221,1,339
BRDA:1299,222,0,383
BRDA:1299,222,1,383
BRDA:1299,222,2,366
BRDA:1300,223,0,27
BRDA:1300,223,1,17
BRDA:1300,224,0,44
BRDA:1300,224,1,44
BRDA:1306,225,0,383
BRDA:1306,225,1,0
BRDA:1315,226,0,79
BRDA:1315,226,1,76
BRDA:1315,227,0,155
BRDA:1315,227,1,79
BRDA:1320,228,0,79
BRDA:1320,228,1,0
BRDA:1322,229,0,16
BRDA:1322,229,1,63
BRDA:1322,230,0,79
BRDA:1322,230,1,79
BRDA:1322,230,2,75
BRDA:1323,231,0,12
BRDA:1323,231,1,4
BRDA:1323,232,0,16
BRDA:1323,232,1,16
BRDA:1332,233,0,79
BRDA:1332,233,1,23
BRDA:1343,234,0,79
BRDA:1343,234,1,0
BRDA:1359,235,0,79
BRDA:1359,235,1,237
BRDA:1408,236,0,141
BRDA:1408,236,1,175
BRDA:1427,237,0,79
BRDA:1427,237,1,304
BRDA:1429,238,0,102
BRDA:1429,238,1,202
BRDA:1448,239,0,63
BRDA:1448,239,1,16
BRDA:1462,240,0,63
BRDA:1462,240,1,5
BRDA:1472,241,0,63
BRDA:1472,241,1,47
BRDA:1472,241,2,45
BRDA:1472,241,3,45
BRDA:1479,242,0,63
BRDA:1479,242,1,0
BRDA:1507,243,0,16
BRDA:1507,243,1,5
BRDA:1540,244,0,1
BRDA:1540,244,1,0
BRDA:1542,245,0,1
BRDA:1542,245,1,0
BRDA:1561,246,0,11
BRDA:1561,246,1,68
BRDA:1568,247,0,55
BRDA:1568,247,1,13
BRDA:1582,248,0,12
BRDA:1582,248,1,64
BRDA:1662,249,0,48
BRDA:1662,249,1,0
BRDA:1664,250,0,48
BRDA:1664,250,1,48
BRDA:1664,250,2,7
BRDA:1681,251,0,33
BRDA:1681,251,1,15
BRDA:1710,252,0,3
BRDA:1710,252,1,26
BRDA:1711,253,0,0
BRDA:1711,253,1,26
BRDA:1761,254,0,61
BRDA:1761,254,1,3
BRDA:1771,255,0,2
BRDA:1771,255,1,62
BRDA:1781,256,0,1
BRDA:1781,256,1,63
BRDA:1791,257,0,34
BRDA:1791,257,1,30
BRDA:1791,258,0,163
BRDA:1791,258,1,32
BRDA:1796,259,0,27
BRDA:1796,259,1,3
BRDA:1797,260,0,3
BRDA:1797,260,1,24
BRDA:1819,261,0,24
BRDA:1819,261,1,0
BRDA:1845,262,0,2
BRDA:1845,262,1,1
BRDA:1846,263,0,1
BRDA:1846,263,1,1
BRDA:1855,264,0,1
BRDA:1855,264,1,0
BRDA:1871,265,0,1
BRDA:1871,265,1,1
BRDA:1899,266,0,0
BRDA:1899,266,1,1
BRDA:1923,267,0,1
BRDA:1923,267,1,1
BRDA:1952,268,0,163
BRDA:1952,268,1,9
BRDA:1952,268,2,9
BRF:568
BRH:433
end_of_record
TN:
SF:src\pages\NotFoundPage.tsx
FN:4,NotFoundPage
FNF:1
FNH:1
FNDA:2,NotFoundPage
DA:5,2
LF:1
LH:1
BRF:0
BRH:0
end_of_record
TN:
SF:src\pages\PracticePage.tsx
FN:13,PracticePage
FN:19,(anonymous_1)
FN:20,(anonymous_2)
FN:44,(anonymous_3)
FN:60,(anonymous_4)
FN:73,(anonymous_5)
FN:84,(anonymous_6)
FN:91,(anonymous_7)
FN:129,(anonymous_8)
FN:148,(anonymous_9)
FN:180,(anonymous_10)
FN:209,(anonymous_11)
FNF:12
FNH:12
FNDA:10,PracticePage
FNDA:5,(anonymous_1)
FNDA:5,(anonymous_2)
FNDA:16,(anonymous_3)
FNDA:16,(anonymous_4)
FNDA:4,(anonymous_5)
FNDA:8,(anonymous_6)
FNDA:6,(anonymous_7)
FNDA:10,(anonymous_8)
FNDA:30,(anonymous_9)
FNDA:8,(anonymous_10)
FNDA:11,(anonymous_11)
DA:11,1
DA:14,10
DA:15,10
DA:16,10
DA:17,10
DA:19,10
DA:20,5
DA:21,5
DA:22,5
DA:24,5
DA:33,5
DA:34,1
DA:35,1
DA:36,1
DA:37,1
DA:40,4
DA:42,4
DA:44,4
DA:45,16
DA:46,16
DA:50,16
DA:56,4
DA:60,16
DA:63,16
DA:64,12
DA:69,12
DA:73,16
DA:74,16
DA:75,16
DA:80,16
DA:83,4
DA:85,8
DA:88,4
DA:89,4
DA:90,2
DA:91,6
DA:95,4
DA:97,0
DA:99,5
DA:103,5
DA:106,10
DA:130,10
DA:149,30
DA:181,8
DA:210,11
LF:45
LH:44
BRDA:33,0,0,1
BRDA:33,0,1,4
BRDA:50,1,0,4
BRDA:50,1,1,12
BRDA:51,2,0,16
BRDA:51,2,1,16
BRDA:51,2,2,4
BRDA:51,2,3,4
BRDA:63,3,0,12
BRDA:63,3,1,4
BRDA:74,4,0,16
BRDA:74,4,1,0
BRDA:89,5,0,2
BRDA:89,5,1,2
BRDA:110,6,0,10
BRDA:110,6,1,4
BRDA:120,7,0,4
BRDA:120,7,1,6
BRDA:123,8,0,4
BRDA:123,8,1,6
BRDA:127,9,0,5
BRDA:127,9,1,5
BRF:22
BRH:21
end_of_record
TN:
SF:src\pages\PricingPage.tsx
FN:83,PricingPage
FN:105,(anonymous_1)
FN:161,(anonymous_2)
FN:169,(anonymous_3)
FN:211,(anonymous_4)
FN:214,(anonymous_5)
FN:255,(anonymous_6)
FNF:7
FNH:7
FNDA:6,PricingPage
FNDA:24,(anonymous_1)
FNDA:162,(anonymous_2)
FNDA:30,(anonymous_3)
FNDA:48,(anonymous_4)
FNDA:192,(anonymous_5)
FNDA:24,(anonymous_6)
DA:5,1
DA:84,6
DA:106,24
DA:162,162
DA:170,30
DA:212,48
DA:215,192
DA:256,24
LF:8
LH:8
BRDA:112,0,0,6
BRDA:112,0,1,18
BRDA:117,1,0,24
BRDA:117,1,1,6
BRDA:125,2,0,6
BRDA:125,2,1,18
BRDA:129,3,0,6
BRDA:129,3,1,18
BRDA:132,4,0,6
BRDA:132,4,1,18
BRDA:134,5,0,6
BRDA:134,5,1,18
BRDA:138,6,0,6
BRDA:138,6,1,18
BRDA:144,7,0,6
BRDA:144,7,1,18
BRDA:152,8,0,6
BRDA:152,8,1,18
BRDA:164,9,0,48
BRDA:164,9,1,114
BRDA:166,10,0,48
BRDA:166,10,1,114
BRDA:172,11,0,0
BRDA:172,11,1,30
BRDA:174,12,0,0
BRDA:174,12,1,30
BRDA:215,13,0,48
BRDA:215,13,1,144
BRDA:216,14,0,66
BRDA:216,14,1,126
BRDA:218,15,0,72
BRDA:218,15,1,54
BRF:32
BRH:30
end_of_record
TN:
SF:src\pages\ProfilePage.tsx
FN:19,(anonymous_0)
FN:24,(anonymous_1)
FN:37,(anonymous_2)
FN:50,(anonymous_3)
FN:61,ProfilePage
FN:84,(anonymous_5)
FN:101,(anonymous_6)
FN:119,(anonymous_7)
FN:129,(anonymous_8)
FN:133,(anonymous_9)
FN:164,(anonymous_10)
FN:167,(anonymous_11)
FN:183,(anonymous_12)
FN:188,(anonymous_13)
FN:194,(anonymous_14)
FN:213,(anonymous_15)
FN:218,(anonymous_16)
FN:222,(anonymous_17)
FN:226,(anonymous_18)
FN:236,(anonymous_19)
FN:237,(anonymous_20)
FN:244,(anonymous_21)
FN:248,(anonymous_22)
FN:252,(anonymous_23)
FN:366,(anonymous_24)
FN:384,(anonymous_25)
FN:387,(anonymous_26)
FN:436,(anonymous_27)
FN:463,(anonymous_28)
FN:468,(anonymous_29)
FN:483,(anonymous_30)
FN:494,(anonymous_31)
FN:497,(anonymous_32)
FN:510,(anonymous_33)
FN:526,(anonymous_34)
FN:532,(anonymous_35)
FN:548,(anonymous_36)
FN:553,(anonymous_37)
FN:557,(anonymous_38)
FN:560,(anonymous_39)
FN:580,(anonymous_40)
FN:594,(anonymous_41)
FN:607,(anonymous_42)
FN:624,(anonymous_43)
FN:642,(anonymous_44)
FN:663,(anonymous_45)
FN:687,(anonymous_46)
FN:734,(anonymous_47)
FNF:48
FNH:42
FNDA:59,(anonymous_0)
FNDA:72,(anonymous_1)
FNDA:0,(anonymous_2)
FNDA:14,(anonymous_3)
FNDA:55,ProfilePage
FNDA:14,(anonymous_5)
FNDA:1300,(anonymous_6)
FNDA:21,(anonymous_7)
FNDA:21,(anonymous_8)
FNDA:342,(anonymous_9)
FNDA:27,(anonymous_10)
FNDA:13,(anonymous_11)
FNDA:21,(anonymous_12)
FNDA:342,(anonymous_13)
FNDA:1,(anonymous_14)
FNDA:3,(anonymous_15)
FNDA:3,(anonymous_16)
FNDA:2,(anonymous_17)
FNDA:2,(anonymous_18)
FNDA:1,(anonymous_19)
FNDA:1,(anonymous_20)
FNDA:1,(anonymous_21)
FNDA:1,(anonymous_22)
FNDA:5,(anonymous_23)
FNDA:6,(anonymous_24)
FNDA:165,(anonymous_25)
FNDA:4,(anonymous_26)
FNDA:1,(anonymous_27)
FNDA:2,(anonymous_28)
FNDA:12750,(anonymous_29)
FNDA:51,(anonymous_30)
FNDA:1,(anonymous_31)
FNDA:1,(anonymous_32)
FNDA:51,(anonymous_33)
FNDA:1,(anonymous_34)
FNDA:360,(anonymous_35)
FNDA:1,(anonymous_36)
FNDA:51,(anonymous_37)
FNDA:84,(anonymous_38)
FNDA:2296,(anonymous_39)
FNDA:0,(anonymous_40)
FNDA:0,(anonymous_41)
FNDA:0,(anonymous_42)
FNDA:0,(anonymous_43)
FNDA:0,(anonymous_44)
FNDA:306,(anonymous_45)
FNDA:10,(anonymous_46)
FNDA:6,(anonymous_47)
DA:8,1
DA:19,1
DA:20,59
DA:21,16
DA:24,1
DA:25,72
DA:26,17
DA:27,17
DA:28,17
DA:29,17
DA:36,0
DA:37,0
DA:39,0
DA:40,0
DA:47,0
DA:50,1
DA:51,14
DA:52,1
DA:53,1
DA:54,1
DA:55,1
DA:56,1
DA:58,0
DA:62,55
DA:63,55
DA:64,55
DA:65,55
DA:67,55
DA:84,55
DA:85,14
DA:86,14
DA:87,14
DA:88,14
DA:90,14
DA:91,1
DA:92,1
DA:93,1
DA:94,1
DA:98,14
DA:99,1
DA:100,1
DA:101,1300
DA:103,1
DA:104,217
DA:105,217
DA:106,1
DA:107,0
DA:109,1
DA:110,1
DA:115,14
DA:116,14
DA:117,1
DA:118,1
DA:119,21
DA:121,1
DA:122,1
DA:126,14
DA:127,14
DA:128,1
DA:129,21
DA:130,1
DA:131,1
DA:132,1
DA:133,342
DA:135,1
DA:136,1
DA:141,14
DA:143,14
DA:161,55
DA:164,55
DA:165,27
DA:166,13
DA:167,13
DA:168,13
DA:169,13
DA:170,13
DA:171,12
DA:172,12
DA:173,12
DA:174,12
DA:176,12
DA:177,12
DA:178,1
DA:179,1
DA:181,1
DA:182,1
DA:183,21
DA:185,1
DA:186,1
DA:187,1
DA:188,342
DA:189,1
DA:190,1
DA:194,1
DA:202,1
DA:206,0
DA:209,13
DA:213,55
DA:214,3
DA:215,3
DA:216,3
DA:217,3
DA:218,3
DA:222,55
DA:223,2
DA:224,2
DA:225,2
DA:226,2
DA:236,55
DA:237,1
DA:244,55
DA:245,1
DA:246,1
DA:247,1
DA:248,1
DA:249,1
DA:252,55
DA:253,5
DA:254,3
DA:255,3
DA:256,3
DA:257,1
DA:258,1
DA:259,2
DA:260,1
DA:261,1
DA:265,3
DA:266,3
DA:267,3
DA:268,3
DA:269,0
DA:270,0
DA:273,3
DA:274,3
DA:275,0
DA:277,3
DA:281,5
DA:282,5
DA:286,5
DA:307,3
DA:309,3
DA:310,1
DA:313,2
DA:317,2
DA:318,2
DA:320,2
DA:321,2
DA:323,1
DA:324,1
DA:326,3
DA:330,55
DA:366,6
DA:385,165
DA:387,4
DA:436,1
DA:463,2
DA:469,12750
DA:484,51
DA:485,51
DA:495,1
DA:496,1
DA:497,1
DA:511,51
DA:512,51
DA:526,1
DA:533,360
DA:548,1
DA:554,51
DA:555,4
DA:556,4
DA:557,84
DA:559,4
DA:560,4
DA:561,2296
DA:567,47
DA:580,0
DA:594,0
DA:607,0
DA:624,0
DA:642,0
DA:664,306
DA:688,10
DA:735,6
LF:183
LH:167
BRDA:20,0,0,43
BRDA:20,0,1,16
BRDA:21,1,0,16
BRDA:21,1,1,0
BRDA:25,2,0,55
BRDA:25,2,1,17
BRDA:28,3,0,17
BRDA:28,3,1,0
BRDA:33,4,0,0
BRDA:33,4,1,17
BRDA:39,5,0,0
BRDA:39,5,1,0
BRDA:44,6,0,0
BRDA:44,6,1,0
BRDA:51,7,0,13
BRDA:51,7,1,1
BRDA:52,8,0,0
BRDA:52,8,1,1
BRDA:55,9,0,1
BRDA:55,9,1,0
BRDA:85,10,0,14
BRDA:85,10,1,0
BRDA:86,11,0,14
BRDA:86,11,1,13
BRDA:87,12,0,14
BRDA:87,12,1,13
BRDA:90,13,0,1
BRDA:90,13,1,13
BRDA:92,14,0,1
BRDA:92,14,1,0
BRDA:98,15,0,1
BRDA:98,15,1,13
BRDA:105,16,0,1
BRDA:105,16,1,216
BRDA:106,17,0,0
BRDA:106,17,1,1
BRDA:109,18,0,0
BRDA:109,18,1,1
BRDA:115,19,0,14
BRDA:115,19,1,13
BRDA:116,20,0,1
BRDA:116,20,1,13
BRDA:116,21,0,14
BRDA:116,21,1,1
BRDA:119,22,0,21
BRDA:119,22,1,21
BRDA:121,23,0,1
BRDA:121,23,1,0
BRDA:126,24,0,14
BRDA:126,24,1,13
BRDA:127,25,0,1
BRDA:127,25,1,13
BRDA:127,26,0,14
BRDA:127,26,1,1
BRDA:127,26,2,1
BRDA:130,27,0,1
BRDA:130,27,1,0
BRDA:135,28,0,1
BRDA:135,28,1,0
BRDA:144,29,0,14
BRDA:144,29,1,0
BRDA:145,30,0,14
BRDA:145,30,1,0
BRDA:147,31,0,14
BRDA:147,31,1,13
BRDA:148,32,0,14
BRDA:148,32,1,14
BRDA:149,33,0,14
BRDA:149,33,1,0
BRDA:150,34,0,0
BRDA:150,34,1,14
BRDA:151,35,0,14
BRDA:151,35,1,14
BRDA:152,36,0,14
BRDA:152,36,1,14
BRDA:156,37,0,14
BRDA:156,37,1,0
BRDA:165,38,0,13
BRDA:165,38,1,14
BRDA:165,39,0,27
BRDA:165,39,1,27
BRDA:165,39,2,26
BRDA:170,40,0,12
BRDA:170,40,1,1
BRDA:177,41,0,1
BRDA:177,41,1,11
BRDA:183,42,0,21
BRDA:183,42,1,20
BRDA:185,43,0,1
BRDA:185,43,1,0
BRDA:189,44,0,1
BRDA:189,44,1,0
BRDA:202,45,0,1
BRDA:202,45,1,0
BRDA:202,46,0,1
BRDA:202,46,1,0
BRDA:217,47,0,3
BRDA:217,47,1,0
BRDA:231,48,0,2
BRDA:231,48,1,0
BRDA:245,49,0,1
BRDA:245,49,1,0
BRDA:253,50,0,3
BRDA:253,50,1,2
BRDA:256,51,0,1
BRDA:256,51,1,2
BRDA:256,52,0,3
BRDA:256,52,1,2
BRDA:257,53,0,1
BRDA:257,53,1,0
BRDA:259,54,0,1
BRDA:259,54,1,1
BRDA:259,55,0,2
BRDA:259,55,1,1
BRDA:259,55,2,0
BRDA:268,56,0,0
BRDA:268,56,1,3
BRDA:274,57,0,0
BRDA:274,57,1,3
BRDA:274,58,0,3
BRDA:274,58,1,3
BRDA:277,59,0,1
BRDA:277,59,1,2
BRDA:282,60,0,1
BRDA:282,60,1,2
BRDA:283,61,0,1
BRDA:283,61,1,0
BRDA:309,62,0,1
BRDA:309,62,1,2
BRDA:310,63,0,1
BRDA:310,63,1,0
BRDA:324,64,0,1
BRDA:324,64,1,0
BRDA:338,65,0,55
BRDA:338,65,1,54
BRDA:354,66,0,55
BRDA:354,66,1,0
BRDA:357,67,0,55
BRDA:357,67,1,14
BRDA:360,68,0,55
BRDA:360,68,1,55
BRDA:369,69,0,20
BRDA:369,69,1,35
BRDA:389,70,0,55
BRDA:389,70,1,110
BRDA:423,71,0,55
BRDA:423,71,1,51
BRDA:437,72,0,51
BRDA:437,72,1,20
BRDA:464,73,0,51
BRDA:464,73,1,20
BRDA:485,74,0,10
BRDA:485,74,1,41
BRDA:496,75,0,1
BRDA:496,75,1,0
BRDA:500,76,0,51
BRDA:500,76,1,20
BRDA:509,77,0,51
BRDA:509,77,1,20
BRDA:512,78,0,10
BRDA:512,78,1,41
BRDA:527,79,0,51
BRDA:527,79,1,20
BRDA:527,79,2,17
BRDA:531,80,0,51
BRDA:531,80,1,10
BRDA:549,81,0,51
BRDA:549,81,1,20
BRDA:549,81,2,17
BRDA:554,82,0,4
BRDA:554,82,1,47
BRDA:554,83,0,51
BRDA:554,83,1,10
BRDA:557,84,0,84
BRDA:557,84,1,80
BRDA:559,85,0,4
BRDA:559,85,1,0
BRDA:580,86,0,0
BRDA:580,86,1,0
BRDA:581,87,0,51
BRDA:581,87,1,20
BRDA:595,88,0,51
BRDA:595,88,1,20
BRDA:608,89,0,51
BRDA:608,89,1,20
BRDA:625,90,0,51
BRDA:625,90,1,20
BRDA:631,91,0,51
BRDA:631,91,1,20
BRDA:639,92,0,3
BRDA:639,92,1,17
BRDA:676,93,0,55
BRDA:676,93,1,2
BRDA:712,94,0,55
BRDA:712,94,1,2
BRDA:717,95,0,2
BRDA:717,95,1,0
BRF:197
BRH:156
end_of_record
TN:
SF:src\pages\QuestionPage.tsx
FN:21,parseTimeToSeconds
FN:48,escapeRegExp
FN:52,highlightText
FN:62,(anonymous_3)
FN:75,QuestionPage
FN:100,(anonymous_5)
FN:103,(anonymous_6)
FN:120,(anonymous_7)
FN:152,(anonymous_8)
FN:171,(anonymous_9)
FN:216,(anonymous_10)
FN:241,(anonymous_11)
FN:262,(anonymous_12)
FN:268,formatTime
FN:275,(anonymous_14)
FN:278,(anonymous_15)
FN:279,(anonymous_16)
FN:300,(anonymous_17)
FN:323,(anonymous_18)
FN:327,(anonymous_19)
FN:405,(anonymous_20)
FN:407,(anonymous_21)
FN:423,(anonymous_22)
FN:429,(anonymous_23)
FN:430,(anonymous_24)
FN:440,(anonymous_25)
FN:441,(anonymous_26)
FN:453,(anonymous_27)
FN:458,(anonymous_28)
FN:459,(anonymous_29)
FN:505,(anonymous_30)
FN:548,(anonymous_31)
FN:598,(anonymous_32)
FN:610,(anonymous_33)
FN:627,(anonymous_34)
FN:633,(anonymous_35)
FN:636,(anonymous_36)
FN:647,(anonymous_37)
FN:672,(anonymous_38)
FN:681,(anonymous_39)
FN:689,(anonymous_40)
FN:708,(anonymous_41)
FN:715,(anonymous_42)
FN:718,(anonymous_43)
FN:758,(anonymous_44)
FN:764,(anonymous_45)
FN:864,(anonymous_46)
FN:875,(anonymous_47)
FN:882,(anonymous_48)
FN:899,(anonymous_49)
FN:910,(anonymous_50)
FN:914,(anonymous_51)
FN:924,(anonymous_52)
FN:940,(anonymous_53)
FN:964,(anonymous_54)
FN:984,(anonymous_55)
FN:988,(anonymous_56)
FN:999,(anonymous_57)
FN:1006,(anonymous_58)
FN:1037,(anonymous_59)
FN:1044,(anonymous_60)
FN:1047,(anonymous_61)
FN:1086,(anonymous_62)
FN:1086,(anonymous_63)
FN:1089,(anonymous_64)
FN:1098,(anonymous_65)
FN:1107,(anonymous_66)
FN:1111,(anonymous_67)
FN:1112,(anonymous_68)
FN:1142,(anonymous_69)
FN:1161,(anonymous_70)
FN:1238,(anonymous_71)
FN:1242,(anonymous_72)
FN:1245,(anonymous_73)
FN:1293,(anonymous_74)
FN:1304,(anonymous_75)
FN:1361,(anonymous_76)
FN:1370,(anonymous_77)
FN:1378,(anonymous_78)
FNF:79
FNH:61
FNDA:19,parseTimeToSeconds
FNDA:0,escapeRegExp
FNDA:190,highlightText
FNDA:0,(anonymous_3)
FNDA:136,QuestionPage
FNDA:28,(anonymous_5)
FNDA:38,(anonymous_6)
FNDA:6,(anonymous_7)
FNDA:8,(anonymous_8)
FNDA:3,(anonymous_9)
FNDA:4,(anonymous_10)
FNDA:5,(anonymous_11)
FNDA:5,(anonymous_12)
FNDA:23,formatTime
FNDA:33,(anonymous_14)
FNDA:1200,(anonymous_15)
FNDA:1200,(anonymous_16)
FNDA:0,(anonymous_17)
FNDA:7,(anonymous_18)
FNDA:38,(anonymous_19)
FNDA:46,(anonymous_20)
FNDA:1,(anonymous_21)
FNDA:45,(anonymous_22)
FNDA:0,(anonymous_23)
FNDA:0,(anonymous_24)
FNDA:0,(anonymous_25)
FNDA:0,(anonymous_26)
FNDA:10,(anonymous_27)
FNDA:21,(anonymous_28)
FNDA:20,(anonymous_29)
FNDA:17,(anonymous_30)
FNDA:224,(anonymous_31)
FNDA:78,(anonymous_32)
FNDA:18,(anonymous_33)
FNDA:26,(anonymous_34)
FNDA:0,(anonymous_35)
FNDA:0,(anonymous_36)
FNDA:1,(anonymous_37)
FNDA:1,(anonymous_38)
FNDA:8,(anonymous_39)
FNDA:1,(anonymous_40)
FNDA:10,(anonymous_41)
FNDA:0,(anonymous_42)
FNDA:1,(anonymous_43)
FNDA:20,(anonymous_44)
FNDA:1,(anonymous_45)
FNDA:0,(anonymous_46)
FNDA:8,(anonymous_47)
FNDA:0,(anonymous_48)
FNDA:0,(anonymous_49)
FNDA:0,(anonymous_50)
FNDA:0,(anonymous_51)
FNDA:0,(anonymous_52)
FNDA:0,(anonymous_53)
FNDA:43,(anonymous_54)
FNDA:0,(anonymous_55)
FNDA:6,(anonymous_56)
FNDA:21,(anonymous_57)
FNDA:1,(anonymous_58)
FNDA:28,(anonymous_59)
FNDA:4,(anonymous_60)
FNDA:3,(anonymous_61)
FNDA:24,(anonymous_62)
FNDA:10,(anonymous_63)
FNDA:4,(anonymous_64)
FNDA:24,(anonymous_65)
FNDA:14,(anonymous_66)
FNDA:1,(anonymous_67)
FNDA:3,(anonymous_68)
FNDA:1,(anonymous_69)
FNDA:1,(anonymous_70)
FNDA:1,(anonymous_71)
FNDA:1,(anonymous_72)
FNDA:1,(anonymous_73)
FNDA:2,(anonymous_74)
FNDA:1,(anonymous_75)
FNDA:5,(anonymous_76)
FNDA:4,(anonymous_77)
FNDA:2,(anonymous_78)
DA:22,19
DA:23,9
DA:24,0
DA:25,0
DA:26,0
DA:27,0
DA:28,0
DA:30,0
DA:31,0
DA:32,0
DA:33,0
DA:34,0
DA:35,0
DA:36,0
DA:38,0
DA:39,0
DA:40,0
DA:41,0
DA:42,0
DA:45,0
DA:49,0
DA:53,190
DA:54,190
DA:55,190
DA:57,0
DA:58,0
DA:60,0
DA:63,0
DA:76,136
DA:77,136
DA:78,136
DA:79,136
DA:80,136
DA:81,136
DA:82,136
DA:84,136
DA:85,136
DA:86,136
DA:87,136
DA:90,136
DA:91,136
DA:92,136
DA:93,136
DA:94,136
DA:95,136
DA:98,136
DA:99,136
DA:100,136
DA:101,28
DA:103,136
DA:104,38
DA:108,136
DA:109,136
DA:110,136
DA:111,136
DA:112,136
DA:113,136
DA:114,136
DA:115,136
DA:116,136
DA:118,136
DA:120,136
DA:121,6
DA:122,6
DA:123,6
DA:138,6
DA:139,0
DA:141,6
DA:142,6
DA:143,1
DA:145,6
DA:147,0
DA:148,0
DA:152,136
DA:153,8
DA:155,8
DA:156,8
DA:158,8
DA:159,8
DA:160,8
DA:161,8
DA:162,8
DA:163,8
DA:164,8
DA:166,8
DA:167,1
DA:168,7
DA:169,1
DA:170,6
DA:171,3
DA:172,1
DA:173,5
DA:174,1
DA:175,4
DA:176,3
DA:177,1
DA:178,1
DA:181,8
DA:182,8
DA:183,8
DA:198,8
DA:199,0
DA:201,8
DA:202,8
DA:208,8
DA:209,8
DA:211,0
DA:212,0
DA:216,136
DA:217,4
DA:218,4
DA:221,4
DA:222,4
DA:224,4
DA:225,4
DA:226,4
DA:227,4
DA:229,4
DA:230,2
DA:231,2
DA:232,2
DA:235,4
DA:238,4
DA:239,4
DA:240,4
DA:241,5
DA:242,2
DA:243,1
DA:244,1
DA:248,4
DA:259,4
DA:262,136
DA:263,5
DA:264,5
DA:265,5
DA:269,23
DA:270,23
DA:271,23
DA:275,136
DA:276,33
DA:278,7
DA:279,1200
DA:280,1200
DA:281,1
DA:282,1
DA:283,1
DA:284,1
DA:285,1
DA:286,1
DA:287,1
DA:288,1
DA:289,1
DA:290,1
DA:291,1
DA:292,1
DA:293,0
DA:294,0
DA:295,0
DA:297,1
DA:298,1
DA:299,1
DA:300,0
DA:301,0
DA:302,0
DA:303,0
DA:306,1
DA:316,1
DA:317,1
DA:319,1199
DA:323,7
DA:327,136
DA:328,38
DA:329,38
DA:330,3
DA:331,3
DA:333,3
DA:335,3
DA:336,1
DA:337,0
DA:338,0
DA:340,1
DA:341,1
DA:344,2
DA:345,1
DA:346,1
DA:348,1
DA:349,1
DA:350,1
DA:353,35
DA:354,5
DA:356,5
DA:357,5
DA:358,5
DA:359,2
DA:361,5
DA:362,5
DA:363,5
DA:364,5
DA:365,5
DA:366,5
DA:368,30
DA:369,30
DA:370,30
DA:374,38
DA:375,38
DA:376,38
DA:377,38
DA:378,38
DA:379,38
DA:380,38
DA:381,38
DA:383,38
DA:384,9
DA:385,9
DA:386,3
DA:387,3
DA:388,3
DA:389,3
DA:391,0
DA:393,3
DA:394,3
DA:395,3
DA:397,6
DA:400,29
DA:405,136
DA:406,46
DA:407,1
DA:408,1
DA:409,1
DA:410,1
DA:411,1
DA:412,1
DA:414,0
DA:415,0
DA:416,0
DA:423,136
DA:424,45
DA:426,10
DA:428,10
DA:429,0
DA:430,0
DA:431,0
DA:432,0
DA:433,0
DA:434,0
DA:436,0
DA:439,10
DA:440,2
DA:441,0
DA:442,0
DA:443,0
DA:444,0
DA:445,0
DA:446,0
DA:448,0
DA:453,10
DA:454,10
DA:458,136
DA:459,21
DA:460,20
DA:461,20
DA:464,20
DA:473,18
DA:474,1
DA:475,1
DA:476,1
DA:477,1
DA:480,17
DA:481,17
DA:482,17
DA:485,17
DA:486,17
DA:495,17
DA:496,0
DA:497,0
DA:498,0
DA:499,0
DA:502,17
DA:503,17
DA:504,17
DA:505,17
DA:506,17
DA:507,17
DA:514,1
DA:516,19
DA:520,21
DA:523,136
DA:524,56
DA:549,224
DA:578,80
DA:580,78
DA:599,78
DA:600,78
DA:601,78
DA:602,78
DA:604,78
DA:605,13
DA:606,13
DA:608,13
DA:609,13
DA:610,18
DA:613,13
DA:614,13
DA:615,13
DA:617,0
DA:620,13
DA:621,13
DA:622,13
DA:624,13
DA:628,26
DA:634,0
DA:637,0
DA:638,0
DA:639,0
DA:640,0
DA:641,0
DA:642,0
DA:643,0
DA:648,1
DA:649,1
DA:650,1
DA:651,1
DA:652,1
DA:653,1
DA:654,0
DA:655,0
DA:656,0
DA:657,0
DA:673,1
DA:674,1
DA:675,1
DA:682,8
DA:690,1
DA:691,1
DA:692,1
DA:709,10
DA:710,10
DA:711,10
DA:716,0
DA:719,1
DA:720,1
DA:743,65
DA:744,4
DA:745,4
DA:746,4
DA:747,4
DA:749,0
DA:752,4
DA:754,4
DA:759,20
DA:760,20
DA:761,20
DA:765,1
DA:782,61
DA:865,0
DA:866,0
DA:876,8
DA:877,1
DA:883,0
DA:884,0
DA:885,0
DA:886,0
DA:887,0
DA:889,0
DA:890,0
DA:891,0
DA:900,0
DA:901,0
DA:902,0
DA:905,0
DA:906,0
DA:907,0
DA:908,0
DA:909,0
DA:910,0
DA:913,0
DA:914,0
DA:918,0
DA:919,0
DA:922,0
DA:925,0
DA:941,0
DA:965,43
DA:966,43
DA:968,43
DA:969,43
DA:970,43
DA:971,43
DA:972,43
DA:974,43
DA:975,43
DA:976,43
DA:979,43
DA:980,20
DA:981,21
DA:982,0
DA:983,21
DA:984,0
DA:987,2
DA:988,6
DA:992,43
DA:1000,21
DA:1001,21
DA:1002,21
DA:1003,21
DA:1007,1
DA:1038,28
DA:1039,28
DA:1040,28
DA:1041,28
DA:1045,4
DA:1046,4
DA:1047,3
DA:1049,3
DA:1086,24
DA:1087,10
DA:1090,4
DA:1098,24
DA:1108,14
DA:1112,3
DA:1143,1
DA:1162,1
DA:1163,1
DA:1164,1
DA:1165,1
DA:1166,1
DA:1167,1
DA:1168,1
DA:1169,1
DA:1239,1
DA:1240,1
DA:1243,1
DA:1246,1
DA:1247,1
DA:1294,2
DA:1305,1
DA:1361,5
DA:1370,4
DA:1380,2
DA:1381,2
DA:1382,2
DA:1383,1
DA:1385,2
DA:1386,2
DA:1387,2
DA:1388,2
DA:1389,2
DA:1390,2
LF:448
LH:345
BRDA:21,0,0,19
BRDA:22,1,0,10
BRDA:22,1,1,9
BRDA:22,2,0,19
BRDA:22,2,1,9
BRDA:23,3,0,9
BRDA:23,3,1,0
BRDA:25,4,0,0
BRDA:25,4,1,0
BRDA:26,5,0,0
BRDA:26,5,1,0
BRDA:28,6,0,0
BRDA:28,6,1,0
BRDA:31,7,0,0
BRDA:31,7,1,0
BRDA:35,8,0,0
BRDA:35,8,1,0
BRDA:35,9,0,0
BRDA:35,9,1,0
BRDA:35,9,2,0
BRDA:38,10,0,0
BRDA:38,10,1,0
BRDA:41,11,0,0
BRDA:41,11,1,0
BRDA:41,12,0,0
BRDA:41,12,1,0
BRDA:53,13,0,190
BRDA:53,13,1,0
BRDA:55,14,0,190
BRDA:55,14,1,0
BRDA:63,15,0,0
BRDA:63,15,1,0
BRDA:78,16,0,136
BRDA:78,16,1,136
BRDA:138,17,0,0
BRDA:138,17,1,6
BRDA:142,18,0,1
BRDA:142,18,1,5
BRDA:153,19,0,0
BRDA:153,19,1,8
BRDA:155,20,0,8
BRDA:155,20,1,0
BRDA:158,21,0,8
BRDA:158,21,1,7
BRDA:158,21,2,7
BRDA:159,22,0,8
BRDA:159,22,1,2
BRDA:163,23,0,8
BRDA:163,23,1,8
BRDA:166,24,0,1
BRDA:166,24,1,7
BRDA:168,25,0,1
BRDA:168,25,1,6
BRDA:170,26,0,1
BRDA:170,26,1,5
BRDA:173,27,0,1
BRDA:173,27,1,4
BRDA:175,28,0,3
BRDA:175,28,1,1
BRDA:177,29,0,1
BRDA:177,29,1,0
BRDA:177,30,0,1
BRDA:177,30,1,0
BRDA:198,31,0,0
BRDA:198,31,1,8
BRDA:216,32,0,4
BRDA:224,33,0,4
BRDA:224,33,1,0
BRDA:229,34,0,2
BRDA:229,34,1,2
BRDA:229,35,0,4
BRDA:229,35,1,2
BRDA:235,36,0,4
BRDA:235,36,1,1
BRDA:240,37,0,2
BRDA:240,37,1,2
BRDA:242,38,0,1
BRDA:242,38,1,1
BRDA:276,39,0,26
BRDA:276,39,1,7
BRDA:276,40,0,33
BRDA:276,40,1,7
BRDA:280,41,0,1
BRDA:280,41,1,1199
BRDA:288,42,0,1
BRDA:288,42,1,0
BRDA:292,43,0,0
BRDA:292,43,1,1
BRDA:292,44,0,1
BRDA:292,44,1,1
BRDA:299,45,0,0
BRDA:299,45,1,1
BRDA:301,46,0,0
BRDA:301,46,1,0
BRDA:310,47,0,1
BRDA:310,47,1,0
BRDA:329,48,0,3
BRDA:329,48,1,35
BRDA:329,49,0,38
BRDA:329,49,1,17
BRDA:335,50,0,1
BRDA:335,50,1,2
BRDA:336,51,0,0
BRDA:336,51,1,1
BRDA:344,52,0,1
BRDA:344,52,1,1
BRDA:353,53,0,5
BRDA:353,53,1,30
BRDA:353,54,0,35
BRDA:353,54,1,14
BRDA:356,55,0,5
BRDA:356,55,1,0
BRDA:358,56,0,2
BRDA:358,56,1,3
BRDA:358,57,0,5
BRDA:358,57,1,3
BRDA:383,58,0,9
BRDA:383,58,1,29
BRDA:383,59,0,38
BRDA:383,59,1,17
BRDA:383,59,2,12
BRDA:384,60,0,9
BRDA:384,60,1,0
BRDA:385,61,0,3
BRDA:385,61,1,6
BRDA:388,62,0,3
BRDA:388,62,1,0
BRDA:406,63,0,1
BRDA:406,63,1,45
BRDA:406,64,0,46
BRDA:406,64,1,1
BRDA:410,65,0,1
BRDA:410,65,1,0
BRDA:424,66,0,35
BRDA:424,66,1,10
BRDA:424,67,0,45
BRDA:424,67,1,24
BRDA:428,68,0,0
BRDA:428,68,1,10
BRDA:431,69,0,0
BRDA:431,69,1,0
BRDA:439,70,0,2
BRDA:439,70,1,8
BRDA:442,71,0,0
BRDA:442,71,1,0
BRDA:454,72,0,2
BRDA:454,72,1,8
BRDA:473,73,0,1
BRDA:473,73,1,17
BRDA:485,74,0,17
BRDA:485,74,1,0
BRDA:485,75,0,17
BRDA:485,75,1,17
BRDA:495,76,0,0
BRDA:495,76,1,17
BRDA:502,77,0,17
BRDA:502,77,1,0
BRDA:504,78,0,17
BRDA:504,78,1,0
BRDA:506,79,0,17
BRDA:506,79,1,0
BRDA:520,80,0,20
BRDA:520,80,1,1
BRDA:523,81,0,56
BRDA:523,81,1,80
BRDA:578,82,0,2
BRDA:578,82,1,78
BRDA:583,83,0,78
BRDA:583,83,1,0
BRDA:584,84,0,2
BRDA:584,84,1,76
BRDA:591,85,0,136
BRDA:591,85,1,78
BRDA:599,86,0,78
BRDA:599,86,1,0
BRDA:600,87,0,78
BRDA:600,87,1,0
BRDA:601,88,0,78
BRDA:601,88,1,54
BRDA:601,88,2,43
BRDA:602,89,0,78
BRDA:602,89,1,54
BRDA:602,89,2,43
BRDA:604,90,0,13
BRDA:604,90,1,65
BRDA:609,91,0,9
BRDA:609,91,1,4
BRDA:614,92,0,13
BRDA:614,92,1,0
BRDA:621,93,0,13
BRDA:621,93,1,9
BRDA:622,94,0,13
BRDA:622,94,1,9
BRDA:630,95,0,26
BRDA:630,95,1,13
BRDA:631,96,0,5
BRDA:631,96,1,8
BRDA:634,97,0,0
BRDA:634,97,1,0
BRDA:637,98,0,0
BRDA:637,98,1,0
BRDA:640,99,0,0
BRDA:640,99,1,0
BRDA:640,100,0,0
BRDA:640,100,1,0
BRDA:648,101,0,1
BRDA:648,101,1,0
BRDA:649,102,0,1
BRDA:649,102,1,0
BRDA:654,103,0,0
BRDA:654,103,1,0
BRDA:662,104,0,2
BRDA:662,104,1,3
BRDA:667,105,0,5
BRDA:667,105,1,3
BRDA:669,106,0,4
BRDA:669,106,1,4
BRDA:671,107,0,4
BRDA:671,107,1,2
BRDA:688,108,0,4
BRDA:688,108,1,2
BRDA:704,109,0,13
BRDA:704,109,1,5
BRDA:704,109,2,5
BRDA:714,110,0,10
BRDA:714,110,1,8
BRDA:719,111,0,1
BRDA:719,111,1,0
BRDA:719,112,0,1
BRDA:719,112,1,1
BRDA:720,113,0,0
BRDA:720,113,1,1
BRDA:723,114,0,10
BRDA:723,114,1,8
BRDA:725,115,0,2
BRDA:725,115,1,8
BRDA:727,116,0,1
BRDA:727,116,1,7
BRDA:743,117,0,4
BRDA:743,117,1,61
BRDA:746,118,0,4
BRDA:746,118,1,0
BRDA:765,119,0,1
BRDA:765,119,1,0
BRDA:768,120,0,2
BRDA:768,120,1,18
BRDA:784,121,0,61
BRDA:784,121,1,0
BRDA:789,122,0,136
BRDA:789,122,1,12
BRDA:789,122,2,8
BRDA:791,123,0,2
BRDA:791,123,1,6
BRDA:793,124,0,1
BRDA:793,124,1,5
BRDA:795,125,0,2
BRDA:795,125,1,3
BRDA:803,126,0,2
BRDA:803,126,1,6
BRDA:805,127,0,1
BRDA:805,127,1,5
BRDA:807,128,0,2
BRDA:807,128,1,3
BRDA:812,129,0,2
BRDA:812,129,1,6
BRDA:814,130,0,1
BRDA:814,130,1,5
BRDA:816,131,0,2
BRDA:816,131,1,3
BRDA:822,132,0,8
BRDA:822,132,1,0
BRDA:823,133,0,8
BRDA:823,133,1,1
BRDA:824,134,0,8
BRDA:824,134,1,2
BRDA:825,135,0,8
BRDA:825,135,1,2
BRDA:826,136,0,8
BRDA:826,136,1,1
BRDA:827,137,0,8
BRDA:827,137,1,2
BRDA:831,138,0,8
BRDA:831,138,1,8
BRDA:831,138,2,2
BRDA:836,139,0,8
BRDA:836,139,1,1
BRDA:841,140,0,8
BRDA:841,140,1,2
BRDA:846,141,0,8
BRDA:846,141,1,1
BRDA:851,142,0,8
BRDA:851,142,1,2
BRDA:861,143,0,136
BRDA:861,143,1,0
BRDA:866,144,0,0
BRDA:866,144,1,0
BRDA:873,145,0,136
BRDA:873,145,1,4
BRDA:876,146,0,1
BRDA:876,146,1,7
BRDA:876,147,0,8
BRDA:876,147,1,4
BRDA:883,148,0,0
BRDA:883,148,1,0
BRDA:885,149,0,0
BRDA:885,149,1,0
BRDA:899,150,0,136
BRDA:899,150,1,54
BRDA:899,150,2,35
BRDA:899,150,3,0
BRDA:902,151,0,0
BRDA:902,151,1,0
BRDA:905,152,0,0
BRDA:905,152,1,0
BRDA:907,153,0,0
BRDA:907,153,1,0
BRDA:907,154,0,0
BRDA:907,154,1,0
BRDA:909,155,0,0
BRDA:909,155,1,0
BRDA:913,156,0,0
BRDA:913,156,1,0
BRDA:918,157,0,0
BRDA:918,157,1,0
BRDA:929,158,0,0
BRDA:929,158,1,0
BRDA:929,159,0,0
BRDA:929,159,1,0
BRDA:930,160,0,0
BRDA:930,160,1,0
BRDA:935,161,0,0
BRDA:935,161,1,0
BRDA:938,162,0,0
BRDA:938,162,1,0
BRDA:943,163,0,0
BRDA:943,163,1,0
BRDA:961,164,0,136
BRDA:961,164,1,54
BRDA:961,164,2,43
BRDA:966,165,0,43
BRDA:966,165,1,0
BRDA:968,166,0,43
BRDA:968,166,1,36
BRDA:968,166,2,36
BRDA:969,167,0,43
BRDA:969,167,1,14
BRDA:972,168,0,43
BRDA:972,168,1,43
BRDA:976,169,0,22
BRDA:976,169,1,21
BRDA:979,170,0,20
BRDA:979,170,1,21
BRDA:981,171,0,0
BRDA:981,171,1,21
BRDA:981,172,0,21
BRDA:981,172,1,0
BRDA:983,173,0,0
BRDA:983,173,1,21
BRDA:987,174,0,2
BRDA:987,174,1,0
BRDA:995,175,0,43
BRDA:995,175,1,7
BRDA:995,175,2,7
BRDA:1000,176,0,0
BRDA:1000,176,1,21
BRDA:1000,177,0,0
BRDA:1000,177,1,0
BRDA:1000,177,2,0
BRDA:1007,178,0,1
BRDA:1007,178,1,0
BRDA:1010,179,0,2
BRDA:1010,179,1,19
BRDA:1016,180,0,2
BRDA:1016,180,1,19
BRDA:1020,181,0,21
BRDA:1020,181,1,2
BRDA:1033,182,0,43
BRDA:1033,182,1,7
BRDA:1033,182,2,7
BRDA:1038,183,0,0
BRDA:1038,183,1,28
BRDA:1038,184,0,0
BRDA:1038,184,1,0
BRDA:1038,184,2,0
BRDA:1045,185,0,4
BRDA:1045,185,1,0
BRDA:1046,186,0,1
BRDA:1046,186,1,3
BRDA:1054,187,0,10
BRDA:1054,187,1,18
BRDA:1060,188,0,10
BRDA:1060,188,1,18
BRDA:1064,189,0,28
BRDA:1064,189,1,10
BRDA:1081,190,0,43
BRDA:1081,190,1,8
BRDA:1081,190,2,8
BRDA:1090,191,0,4
BRDA:1090,191,1,0
BRDA:1098,192,0,8
BRDA:1098,192,1,3
BRDA:1112,193,0,1
BRDA:1112,193,1,0
BRDA:1121,194,0,8
BRDA:1121,194,1,2
BRDA:1126,195,0,43
BRDA:1126,195,1,39
BRDA:1126,195,2,4
BRDA:1134,196,0,4
BRDA:1134,196,1,0
BRDA:1143,197,0,1
BRDA:1143,197,1,0
BRDA:1152,198,0,35
BRDA:1152,198,1,8
BRDA:1179,199,0,43
BRDA:1179,199,1,8
BRDA:1179,199,2,8
BRDA:1204,200,0,8
BRDA:1204,200,1,3
BRDA:1217,201,0,8
BRDA:1217,201,1,0
BRDA:1233,202,0,136
BRDA:1233,202,1,12
BRDA:1251,203,0,12
BRDA:1251,203,1,1
BRDA:1278,204,0,1
BRDA:1278,204,1,1
BRDA:1288,205,0,1
BRDA:1288,205,1,1
BRDA:1288,205,2,1
BRDA:1300,206,0,1
BRDA:1300,206,1,1
BRDA:1300,206,2,1
BRDA:1319,207,0,136
BRDA:1319,207,1,23
BRDA:1326,208,0,6
BRDA:1326,208,1,17
BRDA:1329,209,0,6
BRDA:1329,209,1,17
BRDA:1333,210,0,6
BRDA:1333,210,1,17
BRDA:1347,211,0,5
BRDA:1347,211,1,18
BRDA:1347,212,0,23
BRDA:1347,212,1,7
BRDA:1368,213,0,17
BRDA:1368,213,1,6
BRDA:1380,214,0,2
BRDA:1380,214,1,0
BRDA:1382,215,0,1
BRDA:1382,215,1,1
BRDA:1382,216,0,2
BRDA:1382,216,1,1
BRDA:1400,217,0,23
BRDA:1400,217,1,6
BRDA:1400,217,2,6
BRDA:1418,218,0,1
BRDA:1418,218,1,5
BRDA:1422,219,0,1
BRDA:1422,219,1,5
BRDA:1428,220,0,6
BRDA:1428,220,1,2
BRDA:1433,221,0,1
BRDA:1433,221,1,1
BRDA:1436,222,0,1
BRDA:1436,222,1,1
BRDA:1440,223,0,1
BRDA:1440,223,1,1
BRDA:1443,224,0,2
BRDA:1443,224,1,1
BRDA:1452,225,0,6
BRDA:1452,225,1,2
BRF:472
BRH:343
end_of_record
TN:
SF:src\pages\SectionQuestionsPage.tsx
FN:23,SectionQuestionsPage
FN:33,(anonymous_1)
FN:34,(anonymous_2)
FN:77,(anonymous_3)
FN:81,(anonymous_4)
FN:95,(anonymous_5)
FN:99,(anonymous_6)
FN:160,(anonymous_7)
FN:171,(anonymous_8)
FN:174,(anonymous_9)
FN:187,(anonymous_10)
FN:216,(anonymous_11)
FN:225,(anonymous_12)
FN:282,(anonymous_13)
FN:290,(anonymous_14)
FN:298,(anonymous_15)
FN:309,(anonymous_16)
FN:323,(anonymous_17)
FN:331,(anonymous_18)
FNF:19
FNH:16
FNDA:28,SectionQuestionsPage
FNDA:8,(anonymous_1)
FNDA:8,(anonymous_2)
FNDA:15,(anonymous_3)
FNDA:2,(anonymous_4)
FNDA:12,(anonymous_5)
FNDA:4,(anonymous_6)
FNDA:1,(anonymous_7)
FNDA:0,(anonymous_8)
FNDA:36,(anonymous_9)
FNDA:40,(anonymous_10)
FNDA:0,(anonymous_11)
FNDA:67,(anonymous_12)
FNDA:0,(anonymous_13)
FNDA:1,(anonymous_14)
FNDA:18,(anonymous_15)
FNDA:1,(anonymous_16)
FNDA:1,(anonymous_17)
FNDA:1,(anonymous_18)
DA:21,1
DA:24,28
DA:25,28
DA:26,28
DA:27,28
DA:28,28
DA:29,28
DA:31,28
DA:33,28
DA:34,8
DA:35,8
DA:36,8
DA:37,8
DA:39,8
DA:49,6
DA:50,1
DA:51,1
DA:52,1
DA:53,1
DA:56,5
DA:57,0
DA:58,0
DA:59,0
DA:62,5
DA:63,5
DA:65,1
DA:66,1
DA:68,7
DA:72,8
DA:73,8
DA:77,28
DA:78,15
DA:79,15
DA:80,1
DA:82,2
DA:88,28
DA:89,28
DA:90,28
DA:91,28
DA:92,28
DA:95,28
DA:96,12
DA:99,28
DA:100,4
DA:101,4
DA:102,4
DA:103,4
DA:107,28
DA:160,1
DA:171,0
DA:175,36
DA:188,40
DA:216,0
DA:226,67
DA:227,67
DA:282,0
DA:290,1
DA:299,18
DA:309,1
DA:323,1
DA:331,1
LF:61
LH:55
BRDA:31,0,0,28
BRDA:31,0,1,0
BRDA:40,1,0,8
BRDA:40,1,1,0
BRDA:49,2,0,1
BRDA:49,2,1,5
BRDA:56,3,0,0
BRDA:56,3,1,5
BRDA:63,4,0,4
BRDA:63,4,1,1
BRDA:72,5,0,8
BRDA:72,5,1,0
BRDA:72,6,0,8
BRDA:72,6,1,8
BRDA:79,7,0,14
BRDA:79,7,1,1
BRDA:82,8,0,2
BRDA:82,8,1,1
BRDA:82,8,2,1
BRDA:102,9,0,4
BRDA:102,9,1,0
BRDA:116,10,0,28
BRDA:116,10,1,28
BRDA:142,11,0,28
BRDA:142,11,1,20
BRDA:144,12,0,2
BRDA:144,12,1,18
BRDA:145,13,0,20
BRDA:145,13,1,2
BRDA:145,13,2,2
BRDA:153,14,0,28
BRDA:153,14,1,20
BRDA:153,14,2,12
BRDA:185,15,0,8
BRDA:185,15,1,20
BRDA:203,16,0,8
BRDA:203,16,1,12
BRDA:207,17,0,8
BRDA:207,17,1,0
BRDA:210,18,0,8
BRDA:210,18,1,0
BRDA:214,19,0,8
BRDA:214,19,1,0
BRDA:230,20,0,2
BRDA:230,20,1,65
BRDA:242,21,0,67
BRDA:242,21,1,0
BRDA:263,22,0,28
BRDA:263,22,1,20
BRDA:263,22,2,12
BRDA:263,22,3,6
BRDA:299,23,0,0
BRDA:299,23,1,18
BRDA:310,24,0,6
BRDA:310,24,1,12
BRDA:312,25,0,6
BRDA:312,25,1,12
BRF:57
BRH:47
end_of_record
TN:
SF:src\pages\SignupPage.tsx
FN:10,SignupPage
FN:27,(anonymous_1)
FN:119,(anonymous_2)
FN:195,(anonymous_3)
FN:212,(anonymous_4)
FN:229,(anonymous_5)
FN:236,(anonymous_6)
FN:257,(anonymous_7)
FN:334,(anonymous_8)
FN:342,(anonymous_9)
FN:365,(anonymous_10)
FNF:11
FNH:9
FNDA:30,SignupPage
FNDA:5,(anonymous_1)
FNDA:4,(anonymous_2)
FNDA:4,(anonymous_3)
FNDA:4,(anonymous_4)
FNDA:4,(anonymous_5)
FNDA:0,(anonymous_6)
FNDA:4,(anonymous_7)
FNDA:1,(anonymous_8)
FNDA:0,(anonymous_9)
FNDA:1,(anonymous_10)
DA:11,30
DA:12,30
DA:13,30
DA:14,30
DA:15,30
DA:17,30
DA:18,30
DA:20,30
DA:21,30
DA:22,30
DA:24,30
DA:25,30
DA:27,30
DA:28,5
DA:30,5
DA:31,1
DA:32,1
DA:35,4
DA:36,1
DA:37,1
DA:40,3
DA:42,3
DA:43,1
DA:45,1
DA:46,0
DA:48,1
DA:50,1
DA:55,1
DA:57,1
DA:59,1
DA:69,1
DA:71,1
DA:72,0
DA:76,1
DA:97,1
DA:98,1
DA:99,1
DA:101,1
DA:102,1
DA:103,1
DA:106,2
DA:108,1
DA:110,1
DA:112,1
DA:114,1
DA:115,1
DA:119,30
DA:120,4
DA:121,4
DA:123,3
DA:125,3
DA:126,2
DA:128,2
DA:130,2
DA:132,2
DA:134,2
DA:136,1
DA:138,1
DA:140,3
DA:142,1
DA:144,1
DA:148,30
DA:195,4
DA:212,4
DA:229,4
DA:236,0
DA:257,4
DA:334,1
DA:342,0
DA:365,1
LF:70
LH:66
BRDA:30,0,0,1
BRDA:30,0,1,4
BRDA:35,1,0,1
BRDA:35,1,1,3
BRDA:42,2,0,1
BRDA:42,2,1,2
BRDA:45,3,0,0
BRDA:45,3,1,1
BRDA:45,4,0,1
BRDA:45,4,1,1
BRDA:71,5,0,0
BRDA:71,5,1,1
BRDA:72,6,0,0
BRDA:72,6,1,0
BRDA:77,7,0,1
BRDA:77,7,1,0
BRDA:78,8,0,1
BRDA:78,8,1,0
BRDA:78,8,2,0
BRDA:79,9,0,1
BRDA:79,9,1,0
BRDA:80,10,0,1
BRDA:80,10,1,0
BRDA:82,11,0,1
BRDA:82,11,1,1
BRDA:82,11,2,1
BRDA:86,12,0,1
BRDA:86,12,1,1
BRDA:87,13,0,1
BRDA:87,13,1,1
BRDA:88,14,0,1
BRDA:88,14,1,1
BRDA:89,15,0,1
BRDA:89,15,1,1
BRDA:90,16,0,1
BRDA:90,16,1,1
BRDA:91,17,0,1
BRDA:91,17,1,1
BRDA:92,18,0,1
BRDA:92,18,1,1
BRDA:93,19,0,1
BRDA:93,19,1,1
BRDA:94,20,0,1
BRDA:94,20,1,1
BRDA:115,21,0,1
BRDA:115,21,1,0
BRDA:125,22,0,2
BRDA:125,22,1,1
BRDA:132,23,0,2
BRDA:132,23,1,0
BRDA:140,24,0,3
BRDA:140,24,1,1
BRDA:161,25,0,1
BRDA:161,25,1,29
BRDA:183,26,0,25
BRDA:183,26,1,4
BRDA:227,27,0,0
BRDA:227,27,1,25
BRDA:239,28,0,0
BRDA:239,28,1,25
BRDA:255,29,0,0
BRDA:255,29,1,25
BRDA:281,30,0,0
BRDA:281,30,1,25
BRDA:332,31,0,0
BRDA:332,31,1,4
BRDA:345,32,0,0
BRDA:345,32,1,4
BRDA:363,33,0,0
BRDA:363,33,1,4
BRDA:378,34,0,0
BRDA:378,34,1,4
BRF:72
BRH:53
end_of_record
TN:
SF:src\pages\SpeakingPractice.tsx
FN:36,SpeakingPractice
FN:47,(anonymous_1)
FN:55,(anonymous_2)
FN:57,(anonymous_3)
FN:58,(anonymous_4)
FN:76,(anonymous_5)
FN:79,(anonymous_6)
FN:84,(anonymous_7)
FN:90,(anonymous_8)
FN:106,(anonymous_9)
FN:114,(anonymous_10)
FN:120,(anonymous_11)
FN:242,(anonymous_12)
FN:251,(anonymous_13)
FNF:14
FNH:14
FNDA:42,SpeakingPractice
FNDA:18,(anonymous_1)
FNDA:25,(anonymous_2)
FNDA:203,(anonymous_3)
FNDA:203,(anonymous_4)
FNDA:25,(anonymous_5)
FNDA:4,(anonymous_6)
FNDA:2,(anonymous_7)
FNDA:1,(anonymous_8)
FNDA:10,(anonymous_9)
FNDA:1,(anonymous_10)
FNDA:1,(anonymous_11)
FNDA:4,(anonymous_12)
FNDA:4,(anonymous_13)
DA:5,1
DA:37,42
DA:38,42
DA:39,42
DA:40,42
DA:41,42
DA:42,42
DA:43,42
DA:45,42
DA:47,42
DA:48,18
DA:49,18
DA:50,18
DA:51,18
DA:52,18
DA:55,42
DA:56,25
DA:57,23
DA:58,203
DA:59,203
DA:60,6
DA:61,6
DA:62,4
DA:63,4
DA:64,4
DA:65,2
DA:66,2
DA:67,2
DA:69,6
DA:71,197
DA:76,25
DA:79,42
DA:80,4
DA:81,4
DA:84,42
DA:85,2
DA:86,2
DA:87,2
DA:90,2
DA:91,1
DA:106,42
DA:107,10
DA:108,9
DA:110,1
DA:114,42
DA:115,1
DA:116,1
DA:120,42
DA:121,1
DA:122,1
DA:123,1
DA:124,1
DA:125,1
DA:128,42
DA:243,4
DA:252,4
LF:56
LH:56
BRDA:56,0,0,23
BRDA:56,0,1,2
BRDA:56,1,0,25
BRDA:56,1,1,6
BRDA:59,2,0,6
BRDA:59,2,1,197
BRDA:61,3,0,4
BRDA:61,3,1,2
BRDA:65,4,0,2
BRDA:65,4,1,0
BRDA:107,5,0,9
BRDA:107,5,1,1
BRDA:115,6,0,1
BRDA:115,6,1,0
BRDA:157,7,0,14
BRDA:157,7,1,28
BRDA:160,8,0,42
BRDA:160,8,1,33
BRDA:163,9,0,42
BRDA:163,9,1,6
BRDA:172,10,0,42
BRDA:172,10,1,30
BRDA:178,11,0,42
BRDA:178,11,1,8
BRDA:182,12,0,8
BRDA:182,12,1,7
BRDA:188,13,0,8
BRDA:188,13,1,1
BRDA:194,14,0,42
BRDA:194,14,1,4
BRDA:202,15,0,42
BRDA:202,15,1,6
BRDA:211,16,0,42
BRDA:211,16,1,3
BRDA:211,16,2,3
BRDA:232,17,0,42
BRDA:232,17,1,1
BRDA:253,18,0,2
BRDA:253,18,1,2
BRF:39
BRH:37
end_of_record
TN:
SF:src\pages\WritingPractice.tsx
FN:22,WritingPractice
FN:32,(anonymous_1)
FN:39,(anonymous_2)
FN:49,(anonymous_3)
FN:69,(anonymous_4)
FN:75,(anonymous_5)
FN:77,(anonymous_6)
FN:78,(anonymous_7)
FN:86,(anonymous_8)
FN:89,(anonymous_9)
FN:95,(anonymous_10)
FN:163,(anonymous_11)
FN:196,(anonymous_12)
FN:206,(anonymous_13)
FN:229,(anonymous_14)
FN:286,(anonymous_15)
FN:294,(anonymous_16)
FNF:17
FNH:17
FNDA:26,WritingPractice
FNDA:11,(anonymous_1)
FNDA:3,(anonymous_2)
FNDA:1,(anonymous_3)
FNDA:2,(anonymous_4)
FNDA:13,(anonymous_5)
FNDA:1200,(anonymous_6)
FNDA:1799,(anonymous_7)
FNDA:11,(anonymous_8)
FNDA:15,(anonymous_9)
FNDA:26,(anonymous_10)
FNDA:3,(anonymous_11)
FNDA:5,(anonymous_12)
FNDA:4,(anonymous_13)
FNDA:1,(anonymous_14)
FNDA:1,(anonymous_15)
FNDA:2,(anonymous_16)
DA:5,1
DA:23,26
DA:24,26
DA:25,26
DA:26,26
DA:27,26
DA:29,26
DA:30,26
DA:32,26
DA:33,11
DA:34,11
DA:35,11
DA:36,11
DA:39,26
DA:40,3
DA:41,1
DA:42,1
DA:45,2
DA:46,2
DA:49,2
DA:50,1
DA:69,26
DA:70,2
DA:71,1
DA:75,26
DA:76,13
DA:77,11
DA:78,1200
DA:79,1799
DA:80,3
DA:81,3
DA:83,1796
DA:86,11
DA:89,26
DA:90,15
DA:91,2
DA:95,26
DA:96,26
DA:97,26
DA:98,26
DA:101,26
DA:163,3
DA:197,5
DA:207,4
DA:230,1
DA:286,1
DA:294,2
LF:47
LH:47
BRDA:40,0,0,1
BRDA:40,0,1,2
BRDA:40,1,0,3
BRDA:40,1,1,2
BRDA:70,2,0,1
BRDA:70,2,1,1
BRDA:76,3,0,2
BRDA:76,3,1,11
BRDA:79,4,0,3
BRDA:79,4,1,1796
BRDA:90,5,0,2
BRDA:90,5,1,13
BRDA:90,6,0,15
BRDA:90,6,1,3
BRDA:130,7,0,4
BRDA:130,7,1,22
BRDA:137,8,0,22
BRDA:137,8,1,4
BRDA:153,9,0,18
BRDA:153,9,1,8
BRDA:153,10,0,26
BRDA:153,10,1,8
BRDA:169,11,0,26
BRDA:169,11,1,23
BRDA:182,12,0,26
BRDA:182,12,1,1
BRDA:210,13,0,2
BRDA:210,13,1,2
BRDA:215,14,0,2
BRDA:215,14,1,2
BRDA:225,15,0,1
BRDA:225,15,1,1
BRDA:254,16,0,4
BRDA:254,16,1,22
BRF:34
BRH:34
end_of_record
TN:
SF:src\test\mocks\firebase.ts
FN:11,(anonymous_0)
FN:19,(anonymous_1)
FN:19,(anonymous_2)
FN:28,setCurrentUser
FN:32,resetFirebaseMocks
FN:42,(anonymous_5)
FN:42,(anonymous_6)
FNF:7
FNH:1
FNDA:0,(anonymous_0)
FNDA:0,(anonymous_1)
FNDA:0,(anonymous_2)
FNDA:0,setCurrentUser
FNDA:17,resetFirebaseMocks
FNDA:0,(anonymous_5)
FNDA:0,(anonymous_6)
DA:3,1
DA:4,1
DA:5,1
DA:6,1
DA:7,1
DA:8,1
DA:9,1
DA:10,1
DA:11,0
DA:18,1
DA:19,1
DA:21,1
DA:25,1
DA:26,1
DA:29,0
DA:33,17
DA:34,17
DA:35,17
DA:36,17
DA:37,17
DA:38,17
DA:39,17
DA:40,17
DA:41,17
DA:42,17
DA:43,17
LF:26
LH:24
BRF:0
BRH:0
end_of_record
